Copyright 1986-2020 Xilinx, Inc. All Rights Reserved.
-----------------------------------------------------------------------------------------------------------------------------------------------------------------------------------------
| Tool Version : Vivado v.2020.1 (win64) Build 2902540 Wed May 27 19:54:49 MDT 2020
| Date         : Mon Aug 17 16:57:15 2020
| Host         : Escritorio running 64-bit major release  (build 9200)
| Command      : report_methodology -file block_interleaver_methodology_drc_routed.rpt -pb block_interleaver_methodology_drc_routed.pb -rpx block_interleaver_methodology_drc_routed.rpx
| Design       : block_interleaver
| Device       : xc7k480tffg901-1
| Speed File   : -1
| Design State : Fully Routed
-----------------------------------------------------------------------------------------------------------------------------------------------------------------------------------------

Report Methodology

Table of Contents
-----------------
1. REPORT SUMMARY
2. REPORT DETAILS

1. REPORT SUMMARY
-----------------
            Netlist: netlist
          Floorplan: checkpoint_block_interleaver
      Design limits: <entire design considered>
             Max violations: <unlimited>
             Violations found: 59
+-----------+------------------+-----------------------------+------------+
| Rule      | Severity         | Description                 | Violations |
+-----------+------------------+-----------------------------+------------+
| TIMING-17 | Critical Warning | Non-clocked sequential cell | 59         |
+-----------+------------------+-----------------------------+------------+

2. REPORT DETAILS
-----------------
TIMING-17#1 Critical Warning
Non-clocked sequential cell  
The clock pin GEN_INT.INTERLEAVER_INST/IC/FSM_sequential_w_current_state_reg[0]/C is not reached by a timing clock
Related violations: <none>

TIMING-17#2 Critical Warning
Non-clocked sequential cell  
The clock pin GEN_INT.INTERLEAVER_INST/IC/FSM_sequential_w_current_state_reg[1]/C is not reached by a timing clock
Related violations: <none>

TIMING-17#3 Critical Warning
Non-clocked sequential cell  
The clock pin GEN_INT.INTERLEAVER_INST/IC/FSM_sequential_w_current_state_reg[2]/C is not reached by a timing clock
Related violations: <none>

TIMING-17#4 Critical Warning
Non-clocked sequential cell  
The clock pin GEN_INT.INTERLEAVER_INST/IDP/FSG0/REG6/o_data_reg[0]/C is not reached by a timing clock
Related violations: <none>

TIMING-17#5 Critical Warning
Non-clocked sequential cell  
The clock pin GEN_INT.INTERLEAVER_INST/IDP/FSG0/REG6/o_data_reg[1]/C is not reached by a timing clock
Related violations: <none>

TIMING-17#6 Critical Warning
Non-clocked sequential cell  
The clock pin GEN_INT.INTERLEAVER_INST/IDP/FSG0/REG6/o_data_reg[2]/C is not reached by a timing clock
Related violations: <none>

TIMING-17#7 Critical Warning
Non-clocked sequential cell  
The clock pin GEN_INT.INTERLEAVER_INST/IDP/FSG0/REG6/o_data_reg[3]/C is not reached by a timing clock
Related violations: <none>

TIMING-17#8 Critical Warning
Non-clocked sequential cell  
The clock pin GEN_INT.INTERLEAVER_INST/IDP/FSG0/UDC0/reg/o_data_reg[0]/C is not reached by a timing clock
Related violations: <none>

TIMING-17#9 Critical Warning
Non-clocked sequential cell  
The clock pin GEN_INT.INTERLEAVER_INST/IDP/FSG0/UDC0/reg/o_data_reg[1]/C is not reached by a timing clock
Related violations: <none>

TIMING-17#10 Critical Warning
Non-clocked sequential cell  
The clock pin GEN_INT.INTERLEAVER_INST/IDP/FSG0/UDC0/reg/o_data_reg[2]/C is not reached by a timing clock
Related violations: <none>

TIMING-17#11 Critical Warning
Non-clocked sequential cell  
The clock pin GEN_INT.INTERLEAVER_INST/IDP/FSG0/UDC0/reg/o_data_reg[3]/C is not reached by a timing clock
Related violations: <none>

TIMING-17#12 Critical Warning
Non-clocked sequential cell  
The clock pin GEN_INT.INTERLEAVER_INST/IDP/M2D0/MIIC/reg_column/o_data_reg[0]/C is not reached by a timing clock
Related violations: <none>

TIMING-17#13 Critical Warning
Non-clocked sequential cell  
The clock pin GEN_INT.INTERLEAVER_INST/IDP/M2D0/MIIC/reg_column/o_data_reg[1]/C is not reached by a timing clock
Related violations: <none>

TIMING-17#14 Critical Warning
Non-clocked sequential cell  
The clock pin GEN_INT.INTERLEAVER_INST/IDP/M2D0/MIIC/reg_lin/o_data_reg[0]/C is not reached by a timing clock
Related violations: <none>

TIMING-17#15 Critical Warning
Non-clocked sequential cell  
The clock pin GEN_INT.INTERLEAVER_INST/IDP/M2D0/MIIC/reg_lin/o_data_reg[1]/C is not reached by a timing clock
Related violations: <none>

TIMING-17#16 Critical Warning
Non-clocked sequential cell  
The clock pin GEN_INT.INTERLEAVER_INST/IDP/REG3/o_data_reg[0]/C is not reached by a timing clock
Related violations: <none>

TIMING-17#17 Critical Warning
Non-clocked sequential cell  
The clock pin GEN_INT.INTERLEAVER_INST/IDP/REG3/o_data_reg[1]/C is not reached by a timing clock
Related violations: <none>

TIMING-17#18 Critical Warning
Non-clocked sequential cell  
The clock pin GEN_INT.INTERLEAVER_INST/IDP/REG4/o_data_reg[0]/C is not reached by a timing clock
Related violations: <none>

TIMING-17#19 Critical Warning
Non-clocked sequential cell  
The clock pin GEN_INT.INTERLEAVER_INST/IDP/REG4/o_data_reg[1]/C is not reached by a timing clock
Related violations: <none>

TIMING-17#20 Critical Warning
Non-clocked sequential cell  
The clock pin GEN_INT.INTERLEAVER_INST/IDP/REG5/o_data_reg[0]/C is not reached by a timing clock
Related violations: <none>

TIMING-17#21 Critical Warning
Non-clocked sequential cell  
The clock pin GEN_INT.INTERLEAVER_INST/IDP/REG5/o_data_reg[1]/C is not reached by a timing clock
Related violations: <none>

TIMING-17#22 Critical Warning
Non-clocked sequential cell  
The clock pin GEN_INT.INTERLEAVER_INST/IDP/REG5/o_data_reg[2]/C is not reached by a timing clock
Related violations: <none>

TIMING-17#23 Critical Warning
Non-clocked sequential cell  
The clock pin GEN_INT.INTERLEAVER_INST/IDP/SPR0/memory_reg[0][0][0]/C is not reached by a timing clock
Related violations: <none>

TIMING-17#24 Critical Warning
Non-clocked sequential cell  
The clock pin GEN_INT.INTERLEAVER_INST/IDP/SPR0/memory_reg[0][0][1]/C is not reached by a timing clock
Related violations: <none>

TIMING-17#25 Critical Warning
Non-clocked sequential cell  
The clock pin GEN_INT.INTERLEAVER_INST/IDP/SPR0/memory_reg[0][0][2]/C is not reached by a timing clock
Related violations: <none>

TIMING-17#26 Critical Warning
Non-clocked sequential cell  
The clock pin GEN_INT.INTERLEAVER_INST/IDP/SPR0/memory_reg[0][1][0]/C is not reached by a timing clock
Related violations: <none>

TIMING-17#27 Critical Warning
Non-clocked sequential cell  
The clock pin GEN_INT.INTERLEAVER_INST/IDP/SPR0/memory_reg[0][1][1]/C is not reached by a timing clock
Related violations: <none>

TIMING-17#28 Critical Warning
Non-clocked sequential cell  
The clock pin GEN_INT.INTERLEAVER_INST/IDP/SPR0/memory_reg[0][1][2]/C is not reached by a timing clock
Related violations: <none>

TIMING-17#29 Critical Warning
Non-clocked sequential cell  
The clock pin GEN_INT.INTERLEAVER_INST/IDP/SPR0/memory_reg[0][2][0]/C is not reached by a timing clock
Related violations: <none>

TIMING-17#30 Critical Warning
Non-clocked sequential cell  
The clock pin GEN_INT.INTERLEAVER_INST/IDP/SPR0/memory_reg[0][2][1]/C is not reached by a timing clock
Related violations: <none>

TIMING-17#31 Critical Warning
Non-clocked sequential cell  
The clock pin GEN_INT.INTERLEAVER_INST/IDP/SPR0/memory_reg[0][2][2]/C is not reached by a timing clock
Related violations: <none>

TIMING-17#32 Critical Warning
Non-clocked sequential cell  
The clock pin GEN_INT.INTERLEAVER_INST/IDP/SPR0/memory_reg[0][3][0]/C is not reached by a timing clock
Related violations: <none>

TIMING-17#33 Critical Warning
Non-clocked sequential cell  
The clock pin GEN_INT.INTERLEAVER_INST/IDP/SPR0/memory_reg[0][3][1]/C is not reached by a timing clock
Related violations: <none>

TIMING-17#34 Critical Warning
Non-clocked sequential cell  
The clock pin GEN_INT.INTERLEAVER_INST/IDP/SPR0/memory_reg[0][3][2]/C is not reached by a timing clock
Related violations: <none>

TIMING-17#35 Critical Warning
Non-clocked sequential cell  
The clock pin GEN_INT.INTERLEAVER_INST/IDP/SPR0/memory_reg[1][0][0]/C is not reached by a timing clock
Related violations: <none>

TIMING-17#36 Critical Warning
Non-clocked sequential cell  
The clock pin GEN_INT.INTERLEAVER_INST/IDP/SPR0/memory_reg[1][0][1]/C is not reached by a timing clock
Related violations: <none>

TIMING-17#37 Critical Warning
Non-clocked sequential cell  
The clock pin GEN_INT.INTERLEAVER_INST/IDP/SPR0/memory_reg[1][0][2]/C is not reached by a timing clock
Related violations: <none>

TIMING-17#38 Critical Warning
Non-clocked sequential cell  
The clock pin GEN_INT.INTERLEAVER_INST/IDP/SPR0/memory_reg[1][1][0]/C is not reached by a timing clock
Related violations: <none>

TIMING-17#39 Critical Warning
Non-clocked sequential cell  
The clock pin GEN_INT.INTERLEAVER_INST/IDP/SPR0/memory_reg[1][1][1]/C is not reached by a timing clock
Related violations: <none>

TIMING-17#40 Critical Warning
Non-clocked sequential cell  
The clock pin GEN_INT.INTERLEAVER_INST/IDP/SPR0/memory_reg[1][1][2]/C is not reached by a timing clock
Related violations: <none>

TIMING-17#41 Critical Warning
Non-clocked sequential cell  
The clock pin GEN_INT.INTERLEAVER_INST/IDP/SPR0/memory_reg[1][2][0]/C is not reached by a timing clock
Related violations: <none>

TIMING-17#42 Critical Warning
Non-clocked sequential cell  
The clock pin GEN_INT.INTERLEAVER_INST/IDP/SPR0/memory_reg[1][2][1]/C is not reached by a timing clock
Related violations: <none>

TIMING-17#43 Critical Warning
Non-clocked sequential cell  
The clock pin GEN_INT.INTERLEAVER_INST/IDP/SPR0/memory_reg[1][2][2]/C is not reached by a timing clock
Related violations: <none>

TIMING-17#44 Critical Warning
Non-clocked sequential cell  
The clock pin GEN_INT.INTERLEAVER_INST/IDP/SPR0/memory_reg[1][3][0]/C is not reached by a timing clock
Related violations: <none>

TIMING-17#45 Critical Warning
Non-clocked sequential cell  
The clock pin GEN_INT.INTERLEAVER_INST/IDP/SPR0/memory_reg[1][3][1]/C is not reached by a timing clock
Related violations: <none>

TIMING-17#46 Critical Warning
Non-clocked sequential cell  
The clock pin GEN_INT.INTERLEAVER_INST/IDP/SPR0/memory_reg[1][3][2]/C is not reached by a timing clock
Related violations: <none>

TIMING-17#47 Critical Warning
Non-clocked sequential cell  
The clock pin GEN_INT.INTERLEAVER_INST/IDP/SPR0/memory_reg[2][0][0]/C is not reached by a timing clock
Related violations: <none>

TIMING-17#48 Critical Warning
Non-clocked sequential cell  
The clock pin GEN_INT.INTERLEAVER_INST/IDP/SPR0/memory_reg[2][0][1]/C is not reached by a timing clock
Related violations: <none>

TIMING-17#49 Critical Warning
Non-clocked sequential cell  
The clock pin GEN_INT.INTERLEAVER_INST/IDP/SPR0/memory_reg[2][0][2]/C is not reached by a timing clock
Related violations: <none>

TIMING-17#50 Critical Warning
Non-clocked sequential cell  
The clock pin GEN_INT.INTERLEAVER_INST/IDP/SPR0/memory_reg[2][1][0]/C is not reached by a timing clock
Related violations: <none>

TIMING-17#51 Critical Warning
Non-clocked sequential cell  
The clock pin GEN_INT.INTERLEAVER_INST/IDP/SPR0/memory_reg[2][1][1]/C is not reached by a timing clock
Related violations: <none>

TIMING-17#52 Critical Warning
Non-clocked sequential cell  
The clock pin GEN_INT.INTERLEAVER_INST/IDP/SPR0/memory_reg[2][1][2]/C is not reached by a timing clock
Related violations: <none>

TIMING-17#53 Critical Warning
Non-clocked sequential cell  
The clock pin GEN_INT.INTERLEAVER_INST/IDP/SPR0/memory_reg[2][2][0]/C is not reached by a timing clock
Related violations: <none>

TIMING-17#54 Critical Warning
Non-clocked sequential cell  
The clock pin GEN_INT.INTERLEAVER_INST/IDP/SPR0/memory_reg[2][2][1]/C is not reached by a timing clock
Related violations: <none>

TIMING-17#55 Critical Warning
Non-clocked sequential cell  
The clock pin GEN_INT.INTERLEAVER_INST/IDP/SPR0/memory_reg[2][2][2]/C is not reached by a timing clock
Related violations: <none>

TIMING-17#56 Critical Warning
Non-clocked sequential cell  
The clock pin GEN_INT.INTERLEAVER_INST/IDP/SPR0/memory_reg[2][3][0]/C is not reached by a timing clock
Related violations: <none>

TIMING-17#57 Critical Warning
Non-clocked sequential cell  
The clock pin GEN_INT.INTERLEAVER_INST/IDP/SPR0/memory_reg[2][3][1]/C is not reached by a timing clock
Related violations: <none>

TIMING-17#58 Critical Warning
Non-clocked sequential cell  
The clock pin GEN_INT.INTERLEAVER_INST/IDP/SPR0/memory_reg[2][3][2]/C is not reached by a timing clock
Related violations: <none>

TIMING-17#59 Critical Warning
Non-clocked sequential cell  
The clock pin GEN_INT.INTERLEAVER_INST/IDP/WRSS0/REG0/o_data_reg[0]/C is not reached by a timing clock
Related violations: <none>


