2020-04-21 10:03:15.774540 (19678) main____ INFO    ----------------------------------------
2020-04-21 10:03:15.774649 (19678) main____ INFO    JasperGold version info
2020-04-21 10:03:15.774664 (19678) main____ INFO      tool      : JasperGold 2019.06
2020-04-21 10:03:15.774675 (19678) main____ INFO      version   : 2019.06p001 64 bits
2020-04-21 10:03:15.774683 (19678) main____ INFO      build date: 2019.08.01 18:19:57 PDT
2020-04-21 10:03:15.774690 (19678) main____ INFO    ----------------------------------------
2020-04-21 10:03:15.774696 (19678) main____ INFO    Runtime info:
2020-04-21 10:03:15.774703 (19678) main____ INFO      platform  : Linux 3.10.0-1062.4.3.el7.x86_64 x86_64
2020-04-21 10:03:15.774713 (19678) main____ INFO      hostname  : optmaS1
2020-04-21 10:03:15.774720 (19678) main____ INFO      pid       : 19678
2020-04-21 10:03:15.774727 (19678) main____ INFO      arguments : '-style' 'windows' 't.tcl' '-proj' 'mem_size_200'
2020-04-21 10:03:15.774733 (19678) main____ INFO    ----------------------------------------
2020-04-21 10:03:15.774739 (19678) main____ INFO    System resource limits info:
2020-04-21 10:03:15.774746 (19678) main____ INFO      virtual memory: unlimited
2020-04-21 10:03:15.774753 (19678) main____ INFO      cpu time      : unlimited
2020-04-21 10:03:15.774775 (19678) main____ INFO      stack size    : 8388608 B
2020-04-21 10:03:15.774785 (19678) main____ INFO      core file size: 0 B
2020-04-21 10:03:15.774797 (19678) main____ INFO      open files    : 1024
2020-04-21 10:03:15.774804 (19678) main____ INFO      file size     : unlimited
2020-04-21 10:03:15.774811 (19678) main____ INFO    ----------------------------------------
2020-04-21 10:03:15.774816 (19678) main____ INFO    Memory statistics:
2020-04-21 10:03:15.774825 (19678) main____ INFO      total physical memory  : 16151404 kB
2020-04-21 10:03:15.774831 (19678) main____ INFO      free physical memory   : 7589376 kB
2020-04-21 10:03:15.774837 (19678) main____ INFO      committed address space: 15902740 kB
2020-04-21 10:03:15.774842 (19678) main____ INFO    ----------------------------------------
2020-04-21 10:03:15.774877 (19678) main____ INFO    Important environment variables:
2020-04-21 10:03:15.774892 (19678) main____ INFO      CDS_LIC_FILE   : '5280@150.164.33.32'
2020-04-21 10:03:15.774901 (19678) main____ INFO      DISPLAY        : ':50.0'
2020-04-21 10:03:15.774910 (19678) main____ INFO      LM_LICENSE_FILE: '5280@150.164.33.32'
2020-04-21 10:03:15.774917 (19678) main____ INFO    ----------------------------------------
2020-04-21 10:03:15.775421 (19678) lic_core INFO    Initializing license system ...
2020-04-21 10:03:15.775964 (19678) lic_core INFO    ... license system initialized.
2020-04-21 10:03:15.777226 (19678) lic__man INFO    Claim 'main' for <ui>.
2020-04-21 10:03:15.777310 (19678) lic_core INFO    (1) checking out 'jasper_interactive' ...
2020-04-21 10:03:15.788364 (19678) lic_core INFO    ... (1) checkout succeeded
2020-04-21 10:03:15.788481 (19678) lic__man INFO    Claim 'fpv' for <ui>.
2020-04-21 10:03:15.788517 (19678) lic_core INFO    (2) checking out 'jasper_fpv' ...
2020-04-21 10:03:15.796698 (19678) lic_core INFO    ... (2) checkout succeeded
2020-04-21 10:03:16.814771 (19678) lic__man INFO    Claim 'fpv' for <ui>.
2020-04-21 10:03:18.273837 (19678) lic__man INFO    Unclaim 'fpv' for <ui>.
2020-04-21 10:03:18.273907 (19678) lic__man INFO    Claim 'fpv' for <ui>.
2020-04-21 10:03:18.279609 (19678) session_ INFO    Starting analysis session with session id 'session_0' (launcher: <local>) ...
2020-04-21 10:03:18.281652 (19678) session_ INFO    Analysis session with session id 'session_0' started (pid: 19782)
2020-04-21 10:03:22.151225 (19678) session_ INFO    Analysis session 'session_0' connected to the console (host: 127.0.0.1:34062)
2020-04-21 10:03:22.931422 (19678) lic__man INFO    Unclaim everything for 'session_0'.
2020-04-21 10:03:22.976127 (19678) lic__man INFO    Unclaim everything for 'session_0'.
2020-04-21 10:03:24.093594 (19678) lic__man INFO    Unclaim everything for 'session_0'.
2020-04-21 10:03:24.437856 (19678) lic__man INFO    Claim 'fpv' for 'session_0/prove-0'.
2020-04-21 12:10:20.076759 (19678) lic__man INFO    Unclaim everything for 'session_0/prove-0'.
2020-04-21 12:18:20.085304 (19678) lic__man INFO    Entering idle state.
2020-04-21 22:48:47.372123 (19678) lic__man INFO    Leaving idle state.
2020-04-21 22:49:13.815215 (19678) main____ INFO    About to exit: requested from GUI
2020-04-21 22:49:21.999385 (19678) session_ INFO    Analysis session 'session_0' disconnected.
2020-04-21 22:49:24.627190 (19678) main____ INFO    Exiting with status 0.
