============================================================
  Generated by:           Genus(TM) Synthesis Solution 17.20-p003_1
  Generated on:           Sep 06 2020  12:52:16 pm
  Module:                 vlc_phy_fec
  Operating conditions:   NCCOM 
  Interconnect mode:      global
  Area mode:              physical library
============================================================

                     Instance                                            Module                        Cell Count   Cell Area   Net Area    Total Area 
-------------------------------------------------------------------------------------------------------------------------------------------------------
vlc_phy_fec                                                                                                164801 5395702.816 1811524.073  7207226.889 
  VPFD                                             vlc_phy_fec_decoder_WORD_LENGTH8                        121980 4092869.178 1351777.189  5444646.367 
    VIT                                            vlc_phy_viterbi_decoder_N4                               50517 1788635.789  574928.407  2363564.196 
      VIT_WRAPPER_DEC_VITERBI_INST                 dec_viterbi                                              50428 1786794.016  573554.119  2360348.135 
        inst_ram_ctrl                              ram_ctrl                                                 43251 1621515.213  473460.585  2094975.798 
    DEINT                                          vlc_phy_fec_interleaver_MODE1                            34964 1227755.603  389222.549  1616978.152 
      GEN_DEINTERLEAVER.RDI_IDP_GEN_RAM_FALSE.SPR0 single_port_linear_ram_NUMBER_OF_ELEMENTS4385_WORD       34719 1220614.618  386125.875  1606740.493 
    RS                                             vlc_phy_rs_codec_MODE1                                   36472 1076032.160  387151.442  1463183.602 
      RS_160_128                                   rs_codec_N160_K128_RS_GF6_MODE1_TEST_MODE0               17014  521770.502  182322.253   704092.755 
        GEN_DECODER.DECODER_INST                   rs_decoder_N160_K128_RS_GF6_OUTPUT_PARITY_SYMBOLS0       17014  521770.502  182322.253   704092.755 
      RS_64_32                                     rs_codec_N64_K32_RS_GF6_MODE1_TEST_MODE0                 12410  359924.992  131358.124   491283.116 
        GEN_DECODER.DECODER_INST                   rs_decoder_N64_K32_RS_GF6_OUTPUT_PARITY_SYMBOLS0_T       12410  359924.992  131358.124   491283.116 
      RS_15_2                                      rs_codec_N15_K2_RS_GF2_MODE1_TEST_MODE0                   2094   59182.592   21551.113    80733.705 
      RS_15_4                                      rs_codec_N15_K4_RS_GF2_MODE1_TEST_MODE0                   1904   53562.880   19693.452    73256.332 
      RS_15_7                                      rs_codec_N15_K7_RS_GF2_MODE1_TEST_MODE0                   1658   45695.283   17152.236    62847.519 
      RS_15_11                                     rs_codec_N15_K11_RS_GF2_MODE1_TEST_MODE0                  1302   34177.069   13452.361    47629.429 
  VPFE                                             vlc_phy_fec_encoder_WORD_LENGTH8                         42758 1301670.182  457979.718  1759649.901 
    INTERLEAVER_UNIT                               vlc_phy_fec_interleaver_MODE0                            39898 1222956.896  429033.692  1651990.588 
      GEN_INTERLEAVER.RIT_IDP_SPR0                 single_port_2D_ram_NUMBER_OF_ELEMENTS4385_NUMBER_O       39691 1217705.978  425304.016  1643009.994 
    RS_ENCODER_UNIT                                vlc_phy_rs_codec_MODE0                                    2761   76603.699   27524.306   104128.005 
      RS_64_32                                     rs_codec_N64_K32_RS_GF6_MODE0_TEST_MODE0                   878   27336.826    8495.530    35832.355 
      RS_160_128                                   rs_codec_N160_K128_RS_GF6_MODE0_TEST_MODE0                 854   27240.237    8237.617    35477.853 
      RS_15_2                                      rs_codec_N15_K2_RS_GF2_MODE0_TEST_MODE0                    289    6330.957    2955.781     9286.738 
      RS_15_4                                      rs_codec_N15_K4_RS_GF2_MODE0_TEST_MODE0                    265    5755.814    2651.840     8407.654 
      RS_15_7                                      rs_codec_N15_K7_RS_GF2_MODE0_TEST_MODE0                    214    4710.899    2104.340     6815.239 
      RS_15_11                                     rs_codec_N15_K11_RS_GF2_MODE0_TEST_MODE0                   167    3461.830    1587.110     5048.940 
    CONV0                                          vlc_phy_convolutional_encoder_CONV_SEL2                     79    1778.112     876.873     2654.985 
      VPP                                          vlc_phy_puncturing_CONV_SEL2                                 9     171.226     178.183      349.409 
  VPFC                                             vlc_phy_fec_controller_CONV_SEL2_MCS_ID_LENGTH6_RS          56    1086.624     535.330     1621.954 
