============================================================
  Generated by:           Genus(TM) Synthesis Solution 17.20-p003_1
  Generated on:           Sep 06 2020  12:53:10 pm
  Module:                 vlc_phy_fec
  Operating conditions:   NCCOM 
  Interconnect mode:      global
  Area mode:              physical library
============================================================

                                         Leakage     Internal    
     Gate       Instances     Area     Power (nW)   Power (nW)        Library      
-----------------------------------------------------------------------------------
AN2D1BWP7T            263     2886.688      8.592      45969.519    tcb018gbwp7ttc 
AN2D2BWP7T              6       92.198      0.354       3598.679    tcb018gbwp7ttc 
AN2D4BWP7T              8      210.739      0.978       4107.893    tcb018gbwp7ttc 
AN3D0BWP7T             76     1001.011      2.742      11190.314    tcb018gbwp7ttc 
AN4D1BWP7T            417     6407.789     30.675       5414.157    tcb018gbwp7ttc 
AO211D0BWP7T          241     3703.302     14.221      56155.496    tcb018gbwp7ttc 
AO21D0BWP7T           943    12420.442     41.308     292383.945    tcb018gbwp7ttc 
AO21D1BWP7T             1       15.366      0.060        115.931    tcb018gbwp7ttc 
AO221D0BWP7T         1075    21238.560     57.755     317880.701    tcb018gbwp7ttc 
AO222D0BWP7T         1129    27262.189     57.548     589121.443    tcb018gbwp7ttc 
AO22D0BWP7T          2201    38653.082     68.613     181263.811    tcb018gbwp7ttc 
AO31D0BWP7T            27      474.163      1.313       9667.386    tcb018gbwp7ttc 
AO31D1BWP7T             4       70.246      0.257       3650.593    tcb018gbwp7ttc 
AO32D0BWP7T            43      943.936      1.770      13185.282    tcb018gbwp7ttc 
AO33D0BWP7T            39      856.128      1.764       3479.443    tcb018gbwp7ttc 
AOI211D0BWP7T         806    10615.987     38.115      24824.971    tcb018gbwp7ttc 
AOI211D2BWP7T           1       24.147      0.069       1099.667    tcb018gbwp7ttc 
AOI211XD0BWP7T          2       26.342      0.054        431.218    tcb018gbwp7ttc 
AOI21D0BWP7T          266     2919.616      7.579      41813.044    tcb018gbwp7ttc 
AOI21D1BWP7T            3       39.514      0.094       2054.479    tcb018gbwp7ttc 
AOI221D0BWP7T        3614    63467.622    136.498     274178.276    tcb018gbwp7ttc 
AOI222D0BWP7T         852    16832.794     22.997       5661.017    tcb018gbwp7ttc 
AOI22D0BWP7T        25712   338657.894    437.133     233188.004    tcb018gbwp7ttc 
AOI31D0BWP7T          437     5755.814     11.909      13369.264    tcb018gbwp7ttc 
AOI32D0BWP7T           65     1141.504      1.918       8124.170    tcb018gbwp7ttc 
AOI33D0BWP7T           46      908.813      1.713       2742.464    tcb018gbwp7ttc 
BUFFD10BWP7T          692    28862.490    194.654     355283.917    tcb018gbwp7ttc 
BUFFD12BWP7T          121     5843.622     39.741     218369.225    tcb018gbwp7ttc 
BUFFD1BWP7T             5       43.904      0.191       2656.132    tcb018gbwp7ttc 
BUFFD1P5BWP7T           3       32.928      0.181       2238.040    tcb018gbwp7ttc 
BUFFD6BWP7T            12      316.109      2.177       2884.013    tcb018gbwp7ttc 
CKAN2D1BWP7T            4       43.904      0.120        714.354    tcb018gbwp7ttc 
CKAN2D2BWP7T          783    12031.891     35.143      33689.806    tcb018gbwp7ttc 
CKAN2D4BWP7T            3       79.027      0.348       3925.384    tcb018gbwp7ttc 
CKAN2D8BWP7T            9      355.622      1.857      12617.182    tcb018gbwp7ttc 
CKBD2BWP7T             64      842.957      3.653      81755.223    tcb018gbwp7ttc 
CKBD4BWP7T             64     1264.435      6.943     148976.425    tcb018gbwp7ttc 
CKMUX2D0BWP7T           4       79.027      0.275       2050.239    tcb018gbwp7ttc 
CKMUX2D1BWP7T           1       19.757      0.069        598.326    tcb018gbwp7ttc 
CKND10BWP7T           883    25198.701    151.370      62456.254    tcb018gbwp7ttc 
CKND12BWP7T            61     2142.515     12.719       7759.677    tcb018gbwp7ttc 
CKND1BWP7T             27      177.811      0.507       5957.379    tcb018gbwp7ttc 
CKND2D1BWP7T           86      755.149      1.516       4419.900    tcb018gbwp7ttc 
CKND2D8BWP7T            1       48.294      0.236       2599.673    tcb018gbwp7ttc 
CKND6BWP7T             14      276.595      1.467        686.125    tcb018gbwp7ttc 
CKND8BWP7T             28      737.587      3.819          0.000    tcb018gbwp7ttc 
CKXOR2D0BWP7T        2074    40975.603    198.950    1137936.101    tcb018gbwp7ttc 
CKXOR2D1BWP7T           9      177.811      0.928       6840.714    tcb018gbwp7ttc 
CKXOR2D4BWP7T          16      772.710      4.185          0.000    tcb018gbwp7ttc 
DFCND0BWP7T            66     3332.314     10.462     167926.012    tcb018gbwp7ttc 
DFCND2BWP7T            16      913.203      3.402      46392.907    tcb018gbwp7ttc 
DFCNQD1BWP7T         1072    51771.597    151.361    2802364.522    tcb018gbwp7ttc 
DFD0BWP7T             117     5136.768     18.735     243875.435    tcb018gbwp7ttc 
DFD1BWP7T             186     8166.144     32.901     217676.479    tcb018gbwp7ttc 
DFD2BWP7T               1       50.490      0.246       3104.588    tcb018gbwp7ttc 
DFKCND1BWP7T            4      193.178      0.702      14610.346    tcb018gbwp7ttc 
DFKCNQD1BWP7T         814    35737.856    112.851    1939927.647    tcb018gbwp7ttc 
DFKCNQD2BWP7T          66     3042.547     10.648     175394.784    tcb018gbwp7ttc 
DFKSND1BWP7T          167     8798.362     34.041     764492.148    tcb018gbwp7ttc 
DFQD1BWP7T           1879    78370.835    282.407    3671351.377    tcb018gbwp7ttc 
DFSNQD1BWP7T            5      252.448      0.704      15154.695    tcb018gbwp7ttc 
DFXD0BWP7T              1       57.075      0.205       4218.978    tcb018gbwp7ttc 
EDFCND1BWP7T            2      131.712      0.409      10236.748    tcb018gbwp7ttc 
EDFCNQD1BWP7T        1018    62571.981    187.095    3591702.222    tcb018gbwp7ttc 
EDFKCND1BWP7T          20     1229.312      4.217      63916.893    tcb018gbwp7ttc 
EDFKCND2BWP7T          25     1701.280      6.376      98366.681    tcb018gbwp7ttc 
EDFKCNQD1BWP7T        927    54943.661    168.025    2859211.569    tcb018gbwp7ttc 
EDFQD1BWP7T         68413  3754505.440  13370.325  122315653.700    tcb018gbwp7ttc 
FA1D0BWP7T            664    33525.094    149.070    1705549.276    tcb018gbwp7ttc 
HA1D0BWP7T            252     8297.856     29.976     361491.920    tcb018gbwp7ttc 
IAO21D0BWP7T           49      645.389      2.343      19951.994    tcb018gbwp7ttc 
IIND4D0BWP7T            3       59.270      0.171        899.111    tcb018gbwp7ttc 
IINR4D0BWP7T            7      138.298      0.400       1047.177    tcb018gbwp7ttc 
IND2D0BWP7T          2313    25387.488     58.081     177111.914    tcb018gbwp7ttc 
IND2D1BWP7T            62      680.512      2.148      14032.880    tcb018gbwp7ttc 
IND2D2BWP7T            71     1246.874      3.259        658.110    tcb018gbwp7ttc 
IND3D0BWP7T           157     2067.878      6.048      40902.040    tcb018gbwp7ttc 
IND3D1BWP7T             6       79.027      0.170       1103.093    tcb018gbwp7ttc 
IND4D0BWP7T           761    11693.830     52.990      72569.652    tcb018gbwp7ttc 
IND4D1BWP7T             1       17.562      0.035        342.687    tcb018gbwp7ttc 
INR2D0BWP7T          1037    11382.112     36.170     266377.856    tcb018gbwp7ttc 
INR2D1BWP7T            38      417.088      1.356      11112.951    tcb018gbwp7ttc 
INR2D2BWP7T             1       17.562      0.056         59.944    tcb018gbwp7ttc 
INR2XD0BWP7T           33      362.208      1.142       8760.952    tcb018gbwp7ttc 
INR2XD1BWP7T            1       17.562      0.068       1059.311    tcb018gbwp7ttc 
INR2XD2BWP7T            5      120.736      0.385       3820.981    tcb018gbwp7ttc 
INR3D0BWP7T            78     1198.579      2.977      25448.724    tcb018gbwp7ttc 
INR4D0BWP7T            40      702.464      2.382      10514.755    tcb018gbwp7ttc 
INVD0BWP7T            618     4069.901     10.159      65000.284    tcb018gbwp7ttc 
INVD1BWP7T           1413     9305.453     31.843     196966.738    tcb018gbwp7ttc 
INVD1P5BWP7T            1        8.781      0.030          0.000    tcb018gbwp7ttc 
INVD2BWP7T            327     2871.322     11.982      57623.477    tcb018gbwp7ttc 
INVD2P5BWP7T           18      197.568      1.097       8216.060    tcb018gbwp7ttc 
INVD3BWP7T             10      131.712      0.650       1893.020    tcb018gbwp7ttc 
INVD4BWP7T              8      122.931      0.628       3319.980    tcb018gbwp7ttc 
INVD5BWP7T              6      105.370      0.579        940.227    tcb018gbwp7ttc 
INVD6BWP7T              7      138.298      0.720       3934.244    tcb018gbwp7ttc 
INVD8BWP7T             21      553.190      3.081      10834.898    tcb018gbwp7ttc 
IOA21D0BWP7T          346     4557.235     13.943     123527.719    tcb018gbwp7ttc 
IOA21D1BWP7T            1       13.171      0.050        424.018    tcb018gbwp7ttc 
IOA21D2BWP7T            1       19.757      0.068        558.152    tcb018gbwp7ttc 
IOA22D2BWP7T            3       72.442      0.297       2945.659    tcb018gbwp7ttc 
MAOI222D0BWP7T        218     3828.429      7.866     107416.804    tcb018gbwp7ttc 
MAOI22D0BWP7T         207     3180.845      9.425      55459.092    tcb018gbwp7ttc 
MOAI22D0BWP7T         738    11340.403     25.195     190152.221    tcb018gbwp7ttc 
MUX2D0BWP7T           249     4919.443     16.180     194752.862    tcb018gbwp7ttc 
MUX2D1BWP7T             3       59.270      0.218       1794.157    tcb018gbwp7ttc 
MUX2D2BWP7T             2       43.904      0.183       1890.543    tcb018gbwp7ttc 
MUX2ND0BWP7T         1174    20617.318     66.116     414139.521    tcb018gbwp7ttc 
MUX2ND1BWP7T            3       72.442      0.289       3725.681    tcb018gbwp7ttc 
MUX3D0BWP7T             9      296.352      0.971      28299.050    tcb018gbwp7ttc 
MUX3ND0BWP7T           94     2888.883      8.262     282186.776    tcb018gbwp7ttc 
ND2D0BWP7T           6225    54660.480     77.285     208801.279    tcb018gbwp7ttc 
ND2D1BWP7T             38      333.670      0.569        426.092    tcb018gbwp7ttc 
ND2D1P5BWP7T           27      414.893      0.702        299.138    tcb018gbwp7ttc 
ND2D2BWP7T             13      199.763      0.521       1831.772    tcb018gbwp7ttc 
ND2D4BWP7T              5      131.712      0.334          0.000    tcb018gbwp7ttc 
ND2D6BWP7T              1       37.318      0.129       1463.102    tcb018gbwp7ttc 
ND2D8BWP7T              2       96.589      0.467       4826.383    tcb018gbwp7ttc 
ND3D0BWP7T             99     1086.624      2.716       3037.369    tcb018gbwp7ttc 
ND4D0BWP7T           6544    86192.333    331.667     173458.923    tcb018gbwp7ttc 
NR2D0BWP7T          15713   137972.710    117.021     164048.368    tcb018gbwp7ttc 
NR2D2P5BWP7T            7      138.298      0.535       1600.206    tcb018gbwp7ttc 
NR2D3BWP7T              2       39.514      0.089         72.939    tcb018gbwp7ttc 
NR2XD0BWP7T            92      807.834      1.555       6439.651    tcb018gbwp7ttc 
NR2XD1BWP7T             4       61.466      0.108        726.510    tcb018gbwp7ttc 
NR2XD4BWP7T             1       43.904      0.136          0.000    tcb018gbwp7ttc 
NR2XD8BWP7T             1       76.832      0.263          0.000    tcb018gbwp7ttc 
NR3D0BWP7T            120     1317.120      1.976      14750.165    tcb018gbwp7ttc 
NR3D1BWP7T              1       17.562      0.015        132.748    tcb018gbwp7ttc 
NR4D0BWP7T            693     9127.642     50.729      20685.958    tcb018gbwp7ttc 
OA211D0BWP7T            7      122.931      0.352        803.073    tcb018gbwp7ttc 
OA21D0BWP7T            51      671.731      2.236       8437.033    tcb018gbwp7ttc 
OA21D2BWP7T             1       17.562      0.086       1147.499    tcb018gbwp7ttc 
OA221D0BWP7T           50      987.840      2.627       9441.788    tcb018gbwp7ttc 
OA222D0BWP7T            5      120.736      0.261       2515.114    tcb018gbwp7ttc 
OA22D0BWP7T            12      210.739      0.502       1549.830    tcb018gbwp7ttc 
OA31D0BWP7T            25      439.040      1.293      12876.738    tcb018gbwp7ttc 
OA32D0BWP7T            21      460.992      0.866       3978.118    tcb018gbwp7ttc 
OA33D0BWP7T             9      197.568      0.348        465.541    tcb018gbwp7ttc 
OAI211D0BWP7T         349     4596.749     11.632      87794.138    tcb018gbwp7ttc 
OAI21D0BWP7T          572     6278.272     15.290      91093.878    tcb018gbwp7ttc 
OAI221D0BWP7T         146     2563.994      4.927      29791.933    tcb018gbwp7ttc 
OAI222D0BWP7T          80     1580.544      2.407      20426.268    tcb018gbwp7ttc 
OAI22D0BWP7T          197     2594.726      4.125      16967.539    tcb018gbwp7ttc 
OAI22D2BWP7T            1       26.342      0.089       1211.292    tcb018gbwp7ttc 
OAI31D0BWP7T          222     2924.006      6.941      44506.682    tcb018gbwp7ttc 
OAI32D0BWP7T           79     1387.366      2.000      12431.865    tcb018gbwp7ttc 
OAI33D0BWP7T           28      553.190      1.233       3358.612    tcb018gbwp7ttc 
OR2D0BWP7T            283     3106.208     10.799      68911.721    tcb018gbwp7ttc 
OR2D1BWP7T             19      208.544      0.714       2364.931    tcb018gbwp7ttc 
OR2D2BWP7T             43      660.755      2.766       1974.064    tcb018gbwp7ttc 
OR2D4BWP7T              2       52.685      0.289          0.000    tcb018gbwp7ttc 
OR2D8BWP7T             15      625.632      3.589       7222.257    tcb018gbwp7ttc 
OR3D0BWP7T              7      107.565      0.266       1850.349    tcb018gbwp7ttc 
OR3D1BWP7T              2       30.733      0.068         90.269    tcb018gbwp7ttc 
OR4D0BWP7T             20      351.232      1.583        120.800    tcb018gbwp7ttc 
SDFCNQD1BWP7T          51     3134.746     10.334     249169.429    tcb018gbwp7ttc 
SDFKCND1BWP7T           1       63.661      0.252       6451.637    tcb018gbwp7ttc 
SDFKCNQD1BWP7T         25     1536.640      5.086     154507.769    tcb018gbwp7ttc 
SDFKSNQD1BWP7T         23     1514.688      5.824     134890.126    tcb018gbwp7ttc 
SDFQD0BWP7T            45     2370.816      8.433     185896.534    tcb018gbwp7ttc 
SDFSNQD2BWP7T           1       63.661      0.227       7915.262    tcb018gbwp7ttc 
SEDFQD1BWP7T            1       70.246      0.219       7294.399    tcb018gbwp7ttc 
XNR2D1BWP7T           750    14817.600     69.221     434417.913    tcb018gbwp7ttc 
XNR3D0BWP7T           182     6791.949     28.030      87245.435    tcb018gbwp7ttc 
XNR3D1BWP7T            37     1380.781      6.309      33849.771    tcb018gbwp7ttc 
XNR4D0BWP7T          1015    51246.944    222.435      69166.801    tcb018gbwp7ttc 
XOR3D0BWP7T          1128    42095.155    174.997     749095.877    tcb018gbwp7ttc 
XOR4D0BWP7T           527    26608.019    112.199      77917.749    tcb018gbwp7ttc 
XOR4D1BWP7T            85     4291.616     17.906      12254.298    tcb018gbwp7ttc 
-----------------------------------------------------------------------------------
total              164801  5395702.816  17886.824  150967484.435                   


                                              Leakage  Leakage    Internal   Internal 
     Type      Instances     Area    Area % Power (nW) Power %   Power (nW)   Power % 
--------------------------------------------------------------------------------------
sequential         74946 4079660.659   75.6  14425.485    80.6 139751702.886     92.6 
inverter            3442   46037.734    0.9    230.650     1.3    425588.363      0.3 
buffer               961   37206.445    0.7    247.540     1.4    812162.975      0.5 
logic_abstract         4       0.000    0.0      0.000     0.0         0.000      0.0 
logic              85452 1232797.978   22.8   2983.149    16.7   9978030.211      6.6 
physical_cells         0       0.000    0.0      0.000     0.0         0.000      0.0 
--------------------------------------------------------------------------------------
total             164805 5395702.816  100.0  17886.824   100.0 150967484.435    100.0 

