============================================================
  Generated by:           Genus(TM) Synthesis Solution 17.20-p003_1
  Generated on:           Sep 06 2020  01:08:18 pm
  Module:                 vlc_phy_fec
  Operating conditions:   NCCOM 
  Interconnect mode:      global
  Area mode:              physical library
============================================================

                                         Leakage     Internal        Net         Dynamic          Total       
                                                                             (Internal+Net) (Leakage+Dynamic) 
            Instance              Cells Power(nW)   Power(nW)     Power(nW)     Power(nW)       Power(nW)     
--------------------------------------------------------------------------------------------------------------
vlc_phy_fec                      164801 17886.824 150967484.435 27798790.778  178766275.213     178784162.037 
  VPFD                           121980 13713.531 116736460.389 16441144.420  133177604.809     133191318.340 
    VIT                           50517  5954.343  69743994.968 10926542.410   80670537.378      80676491.721 
      VIT_WRAPPE.._VITERBI_INST   50428  5948.434  69676026.639 10871172.164   80547198.803      80553147.237 
        inst_ram_ctrl             43251  5367.766  61814650.285  5417941.564   67232591.849      67237959.615 
    DEINT                         34964  4157.966  20206711.030    45863.294   20252574.325      20256732.291 
      GEN_DEINTE..AM_FALSE.SPR0   34719  4134.389  20028067.580    13918.077   20041985.658      20046120.047 
    RS                            36472  3599.792  26776614.740  5457168.794   32233783.534      32237383.326 
      RS_160_128                  17014  1766.302  12858712.120  2432922.186   15291634.306      15293400.608 
        GEN_DECODER.DECODER_INST  17014  1766.302  12858712.120  2432922.186   15291634.306      15293400.608 
      RS_64_32                    12410  1204.531   8404269.467  1670752.721   10075022.188      10076226.719 
        GEN_DECODER.DECODER_INST  12410  1204.531   8404269.467  1670752.721   10075022.188      10076226.719 
      RS_15_2                      2094   191.741   1726449.780   382307.320    2108757.100       2108948.841 
      RS_15_4                      1904   174.130   1526227.659   368852.463    1895080.122       1895254.252 
      RS_15_7                      1658   147.812   1305848.245   328359.637    1634207.882       1634355.694 
      RS_15_11                     1302   109.995    911817.007   246231.969    1158048.976       1158158.971 
  VPFE                            42758  4169.531  34167165.767  3571022.395   37738188.162      37742357.694 
    INTERLEAVER_UNIT              39898  3910.220  29807572.812  2068831.917   31876404.728      31880314.949 
      GEN_INTERL...RIT_IDP_SPR0   39691  3892.907  29549809.819  1943225.391   31493035.210      31496928.116 
    RS_ENCODER_UNIT                2761   252.950   4244803.631  1437806.451    5682610.082       5682863.032 
      RS_64_32                      878    92.962   1648940.588   529264.939    2178205.527       2178298.489 
      RS_160_128                    854    92.951   1739497.316   544951.096    2284448.412       2284541.363 
      RS_15_2                       289    19.215    274980.535   115106.899     390087.434        390106.649 
      RS_15_4                       265    17.570    233877.480    93461.338     327338.818        327356.388 
      RS_15_7                       214    14.180    172957.872    67678.871     240636.743        240650.922 
      RS_15_11                      167    10.652    129402.003    52751.247     182153.249        182163.901 
    CONV0                            79     5.517    105862.472    43905.372     149767.845        149773.362 
      VPP                             9     0.420      7978.290    11822.624      19800.914         19801.335 
        P13                           0     0.000         0.000     1660.500       1660.500          1660.500 
        P14                           0     0.000         0.000     1640.250       1640.250          1640.250 
        P23                           0     0.000         0.000     1741.500       1741.500          1741.500 
  VPFC                               56     3.523     61901.881    33918.748      95820.629         95824.153 
    PMC                               0     0.000         0.000      303.750        303.750           303.750 

