2020-07-30 14:21:43.831080 (14917) main____ INFO    ----------------------------------------
2020-07-30 14:21:43.831213 (14917) main____ INFO    JasperGold version info
2020-07-30 14:21:43.831228 (14917) main____ INFO      tool      : JasperGold 2019.06
2020-07-30 14:21:43.831239 (14917) main____ INFO      version   : 2019.06p001 64 bits
2020-07-30 14:21:43.831248 (14917) main____ INFO      build date: 2019.08.01 18:19:57 PDT
2020-07-30 14:21:43.831254 (14917) main____ INFO    ----------------------------------------
2020-07-30 14:21:43.831268 (14917) main____ INFO    Runtime info:
2020-07-30 14:21:43.831277 (14917) main____ INFO      platform  : Linux 3.10.0-1127.13.1.el7.x86_64 x86_64
2020-07-30 14:21:43.831289 (14917) main____ INFO      hostname  : optmaS1
2020-07-30 14:21:43.831296 (14917) main____ INFO      pid       : 14917
2020-07-30 14:21:43.831304 (14917) main____ INFO      arguments : '-style' 'windows' 'run_formal_reset_and_interface_control_reqs.tcl' '-proj' './a'
2020-07-30 14:21:43.831311 (14917) main____ INFO    ----------------------------------------
2020-07-30 14:21:43.831316 (14917) main____ INFO    System resource limits info:
2020-07-30 14:21:43.831323 (14917) main____ INFO      virtual memory: unlimited
2020-07-30 14:21:43.831330 (14917) main____ INFO      cpu time      : unlimited
2020-07-30 14:21:43.831352 (14917) main____ INFO      stack size    : 8388608 B
2020-07-30 14:21:43.831361 (14917) main____ INFO      core file size: 0 B
2020-07-30 14:21:43.831373 (14917) main____ INFO      open files    : 1024
2020-07-30 14:21:43.831379 (14917) main____ INFO      file size     : unlimited
2020-07-30 14:21:43.831385 (14917) main____ INFO    ----------------------------------------
2020-07-30 14:21:43.831391 (14917) main____ INFO    Memory statistics:
2020-07-30 14:21:43.831399 (14917) main____ INFO      total physical memory  : 16151352 kB
2020-07-30 14:21:43.831405 (14917) main____ INFO      free physical memory   : 1515400 kB
2020-07-30 14:21:43.831411 (14917) main____ INFO      committed address space: 23250036 kB
2020-07-30 14:21:43.831416 (14917) main____ INFO    ----------------------------------------
2020-07-30 14:21:43.831452 (14917) main____ INFO    Important environment variables:
2020-07-30 14:21:43.831465 (14917) main____ INFO      CDS_LIC_FILE   : '5280@150.164.33.32'
2020-07-30 14:21:43.831474 (14917) main____ INFO      DISPLAY        : ':52.0'
2020-07-30 14:21:43.831483 (14917) main____ INFO      LM_LICENSE_FILE: '5280@150.164.33.32'
2020-07-30 14:21:43.831489 (14917) main____ INFO    ----------------------------------------
2020-07-30 14:21:43.832176 (14917) lic_core INFO    Initializing license system ...
2020-07-30 14:21:43.832742 (14917) lic_core INFO    ... license system initialized.
2020-07-30 14:21:43.836119 (14917) lic__man INFO    Claim 'main' for <ui>.
2020-07-30 14:21:43.836203 (14917) lic_core INFO    (1) checking out 'jasper_interactive' ...
2020-07-30 14:21:43.849334 (14917) lic_core INFO    ... (1) checkout succeeded
2020-07-30 14:21:43.849456 (14917) lic__man INFO    Claim 'fpv' for <ui>.
2020-07-30 14:21:43.849493 (14917) lic_core INFO    (2) checking out 'jasper_fpv' ...
2020-07-30 14:21:43.863295 (14917) lic_core INFO    ... (2) checkout succeeded
2020-07-30 14:21:45.919842 (14917) lic__man INFO    Claim 'fpv' for <ui>.
2020-07-30 14:21:48.469945 (14917) lic__man INFO    Unclaim 'fpv' for <ui>.
2020-07-30 14:21:48.470018 (14917) lic__man INFO    Claim 'fpv' for <ui>.
2020-07-30 14:21:48.482862 (14917) session_ INFO    Starting analysis session with session id 'session_0' (launcher: <local>) ...
2020-07-30 14:21:48.485136 (14917) session_ INFO    Analysis session with session id 'session_0' started (pid: 14957)
2020-07-30 14:22:07.229490 (14917) session_ INFO    Analysis session 'session_0' connected to the console (host: 150.164.33.32:56616)
2020-07-30 14:22:08.711324 (14917) lic__man INFO    Unclaim everything for 'session_0'.
2020-07-30 14:22:08.856666 (14917) lic__man INFO    Unclaim everything for 'session_0'.
2020-07-30 14:22:09.101768 (14917) lic__man INFO    Unclaim everything for 'session_0'.
2020-07-30 14:22:49.812518 (14917) lic__man INFO    Unclaim everything for 'session_0'.
2020-07-30 14:23:19.540388 (14917) lic__man INFO    Unclaim everything for 'session_0'.
2020-07-30 14:23:20.022517 (14917) lic__man INFO    Claim 'fpv' for 'session_0/prove-0'.
2020-07-30 14:23:20.733051 (14917) lic__man INFO    Unclaim everything for 'session_0/prove-0'.
2020-07-30 14:23:20.872932 (14917) lic__man INFO    Claim 'fpv' for 'session_0/prove-1'.
2020-07-30 14:23:50.332681 (14917) lic__man INFO    Unclaim everything for 'session_0/prove-1'.
2020-07-30 14:34:45.739256 (14917) main____ INFO    About to exit: requested from GUI
2020-07-30 14:34:46.135664 (14917) session_ INFO    Analysis session 'session_0' disconnected.
2020-07-30 14:34:46.144978 (14917) main____ INFO    Exiting with status 0.
