2020-07-30 01:07:36.585436 (7800) main____ INFO    ----------------------------------------
2020-07-30 01:07:36.585563 (7800) main____ INFO    JasperGold version info
2020-07-30 01:07:36.585580 (7800) main____ INFO      tool      : JasperGold 2019.06
2020-07-30 01:07:36.585594 (7800) main____ INFO      version   : 2019.06p001 64 bits
2020-07-30 01:07:36.585607 (7800) main____ INFO      build date: 2019.08.01 18:19:57 PDT
2020-07-30 01:07:36.585615 (7800) main____ INFO    ----------------------------------------
2020-07-30 01:07:36.585621 (7800) main____ INFO    Runtime info:
2020-07-30 01:07:36.585633 (7800) main____ INFO      platform  : Linux 3.10.0-1127.13.1.el7.x86_64 x86_64
2020-07-30 01:07:36.585647 (7800) main____ INFO      hostname  : optmaS1
2020-07-30 01:07:36.585655 (7800) main____ INFO      pid       : 7800
2020-07-30 01:07:36.585663 (7800) main____ INFO      arguments : '-style' 'windows' 'run_formal_functional_reqs.tcl' '-proj' './to_delete2'
2020-07-30 01:07:36.585673 (7800) main____ INFO    ----------------------------------------
2020-07-30 01:07:36.585681 (7800) main____ INFO    System resource limits info:
2020-07-30 01:07:36.585689 (7800) main____ INFO      virtual memory: unlimited
2020-07-30 01:07:36.585697 (7800) main____ INFO      cpu time      : unlimited
2020-07-30 01:07:36.585724 (7800) main____ INFO      stack size    : 8388608 B
2020-07-30 01:07:36.585736 (7800) main____ INFO      core file size: 0 B
2020-07-30 01:07:36.585752 (7800) main____ INFO      open files    : 1024
2020-07-30 01:07:36.585761 (7800) main____ INFO      file size     : unlimited
2020-07-30 01:07:36.585768 (7800) main____ INFO    ----------------------------------------
2020-07-30 01:07:36.585774 (7800) main____ INFO    Memory statistics:
2020-07-30 01:07:36.585787 (7800) main____ INFO      total physical memory  : 16151352 kB
2020-07-30 01:07:36.585796 (7800) main____ INFO      free physical memory   : 1678288 kB
2020-07-30 01:07:36.585803 (7800) main____ INFO      committed address space: 26033624 kB
2020-07-30 01:07:36.585809 (7800) main____ INFO    ----------------------------------------
2020-07-30 01:07:36.585853 (7800) main____ INFO    Important environment variables:
2020-07-30 01:07:36.585872 (7800) main____ INFO      CDS_LIC_FILE   : '5280@150.164.33.32'
2020-07-30 01:07:36.585883 (7800) main____ INFO      DISPLAY        : ':52.0'
2020-07-30 01:07:36.585898 (7800) main____ INFO      LM_LICENSE_FILE: '5280@150.164.33.32'
2020-07-30 01:07:36.585906 (7800) main____ INFO    ----------------------------------------
2020-07-30 01:07:36.586471 (7800) lic_core INFO    Initializing license system ...
2020-07-30 01:07:36.587076 (7800) lic_core INFO    ... license system initialized.
2020-07-30 01:07:36.588551 (7800) lic__man INFO    Claim 'main' for <ui>.
2020-07-30 01:07:36.588637 (7800) lic_core INFO    (1) checking out 'jasper_interactive' ...
2020-07-30 01:07:36.753644 (7800) lic_core INFO    ... (1) checkout succeeded
2020-07-30 01:07:36.753776 (7800) lic__man INFO    Claim 'fpv' for <ui>.
2020-07-30 01:07:36.753814 (7800) lic_core INFO    (2) checking out 'jasper_fpv' ...
2020-07-30 01:07:36.778835 (7800) lic_core INFO    ... (2) checkout succeeded
2020-07-30 01:07:44.896406 (7800) lic__man INFO    Claim 'fpv' for <ui>.
2020-07-30 01:07:46.440868 (7800) lic__man INFO    Unclaim 'fpv' for <ui>.
2020-07-30 01:07:46.441336 (7800) lic__man INFO    Claim 'fpv' for <ui>.
2020-07-30 01:07:46.467493 (7800) session_ INFO    Starting analysis session with session id 'session_0' (launcher: <local>) ...
2020-07-30 01:07:46.474610 (7800) session_ INFO    Analysis session with session id 'session_0' started (pid: 8100)
2020-07-30 01:08:05.084835 (7800) session_ INFO    Analysis session 'session_0' connected to the console (host: 150.164.33.32:49790)
2020-07-30 01:08:09.323183 (7800) lic__man INFO    Unclaim everything for 'session_0'.
2020-07-30 01:08:09.648356 (7800) lic__man INFO    Unclaim everything for 'session_0'.
2020-07-30 01:08:10.099408 (7800) lic__man INFO    Unclaim everything for 'session_0'.
2020-07-30 01:08:10.477618 (7800) lic__man INFO    Unclaim everything for 'session_0'.
2020-07-30 01:08:57.514210 (7800) main____ INFO    About to exit: requested from GUI
2020-07-30 01:09:03.821608 (7800) session_ INFO    Analysis session 'session_0' disconnected.
2020-07-30 01:09:03.900044 (7800) main____ INFO    Exiting with status 0.
