============================================================
  Generated by:           Genus(TM) Synthesis Solution 19.10-p002_1
  Generated on:           Mar 21 2021  08:51:59 pm
  Module:                 vlc_phy_fec_TX
  Technology libraries:   tcb018gbwp7ttc 270
                          physical_cells 
  Operating conditions:   NCCOM 
  Interconnect mode:      placement
  Area mode:              physical library
============================================================

            Instance                                   Module                        Cell Count   Cell Area   Net Area   Total Area 
------------------------------------------------------------------------------------------------------------------------------------
vlc_phy_fec_TX                                                                            45130 1351448.538 791245.492  2142694.030 
  VPF                            vlc_phy_fec_MCS_ID_LENGTH6_WORD_LENGTH8_PA_MODE0_V       45130 1351448.538 789893.328  2141341.865 
    GEN_ENCODER.VPFE             vlc_phy_fec_encoder_WORD_LENGTH8                         45064 1350322.400 789458.521  2139780.921 
      INTERLEAVER_UNIT           vlc_phy_fec_interleaver_MODE0                            41061 1250745.933 757543.920  2008289.852 
      RS_ENCODER_UNIT            vlc_phy_rs_codec_MODE0                                    3752   94117.005  28288.602   122405.606 
      CONV0                      vlc_phy_convolutional_encoder_CONV_SEL2                     90    2063.488    567.459     2630.947 
      RS_INTERLEAVER_DATA_OUTPUT reg_fifo_WORD_LENGTH6_NUM_OF_ELEMENTS2_O_FULL_MINU          63    1448.832    748.563     2197.395 
      RS_ENCODER_DATA_OUTPUT     reg_fifo_WORD_LENGTH6_NUM_OF_ELEMENTS2_O_FULL_MINU          59    1339.072    291.962     1631.034 
      FRAME_RECEIVED             sync_ld_dff_WORD_LENGTH1_13                                  2      54.880      3.920       58.800 
    VPFC                         vlc_phy_fec_controller_CONV_SEL2_MCS_ID_LENGTH6_RS          60    1062.477    258.563     1321.040 
      MCS_ID_DEC                 vlc_phy_mcs_id_dec_CONV_SEL2_MCS_ID_LENGTH6_RS_COD          35     364.403    105.213      469.616 
      MCS_ID_REG                 sync_ld_dff_WORD_LENGTH6                                     7     362.208     14.426      376.634 
      BUSY_REG                   sync_ld_dff_WORD_LENGTH1                                     3      68.051      4.704       72.755 
      MODE_REG                   sync_ld_dff_WORD_LENGTH1_10_6292                             2      65.856      3.920       69.776 
