============================================================
  Generated by:           Genus(TM) Synthesis Solution 19.10-p002_1
  Generated on:           Mar 21 2021  08:52:00 pm
  Module:                 vlc_phy_fec_TX
  Technology libraries:   tcb018gbwp7ttc 270
                          physical_cells 
  Operating conditions:   NCCOM 
  Interconnect mode:      placement
  Area mode:              physical library
============================================================

            Instance                                   Module                        Cell Count  Normalized Cell Area  Normalized Net Area   Normalized Total Area 
-------------------------------------------------------------------------------------------------------------------------------------------------------------------
vlc_phy_fec_TX                                                                            45130             87948.286            51491.923              139440.209 
  VPF                            vlc_phy_fec_MCS_ID_LENGTH6_WORD_LENGTH8_PA_MODE0_V       45130             87948.286            51403.929              139352.214 
    GEN_ENCODER.VPFE             vlc_phy_fec_encoder_WORD_LENGTH8                         45064             87875.000            51375.633              139250.633 
      INTERLEAVER_UNIT           vlc_phy_fec_interleaver_MODE0                            41061             81394.857            49298.724              130693.582 
      RS_ENCODER_UNIT            vlc_phy_rs_codec_MODE0                                    3752              6124.857             1840.939                7965.796 
      CONV0                      vlc_phy_convolutional_encoder_CONV_SEL2                     90               134.286               36.929                 171.214 
      RS_INTERLEAVER_DATA_OUTPUT reg_fifo_WORD_LENGTH6_NUM_OF_ELEMENTS2_O_FULL_MINU          63                94.286               48.714                 143.000 
      RS_ENCODER_DATA_OUTPUT     reg_fifo_WORD_LENGTH6_NUM_OF_ELEMENTS2_O_FULL_MINU          59                87.143               19.000                 106.143 
      FRAME_RECEIVED             sync_ld_dff_WORD_LENGTH1_13                                  2                 3.571                0.255                   3.827 
    VPFC                         vlc_phy_fec_controller_CONV_SEL2_MCS_ID_LENGTH6_RS          60                69.143               16.827                  85.969 
      MCS_ID_DEC                 vlc_phy_mcs_id_dec_CONV_SEL2_MCS_ID_LENGTH6_RS_COD          35                23.714                6.847                  30.561 
      MCS_ID_REG                 sync_ld_dff_WORD_LENGTH6                                     7                23.571                0.939                  24.510 
      BUSY_REG                   sync_ld_dff_WORD_LENGTH1                                     3                 4.429                0.306                   4.735 
      MODE_REG                   sync_ld_dff_WORD_LENGTH1_10_6292                             2                 4.286                0.255                   4.541 
