============================================================
  Generated by:           Genus(TM) Synthesis Solution 19.10-p002_1
  Generated on:           Mar 21 2021  08:51:38 pm
  Module:                 vlc_phy_fec_TX
  Technology libraries:   tcb018gbwp7ttc 270
                          physical_cells 
  Operating conditions:   NCCOM 
  Interconnect mode:      placement
  Area mode:              physical library
============================================================


Summary
-------
-----------------------------------------------------------------------
            Category            Number   %   Average Toggle Saving %   
-----------------------------------------------------------------------
 RC Clock Gating Instances           0    0            0.00            
 Non-RC Clock Gating Instances       0    0            0.00            
-----------------------------------------------------------------------
 RC Gated Flip-flops                 0    0            0.00            
 Non-RC Gated Flip-flops             0    0            0.00            
-----------------------------------------------------------------------
 Total Ungated Flip-flops        18460  100              -             
 Enable not found                18460  100              -             
-----------------------------------------------------------------------
 Total Flip-flops                18460  100              -             
-----------------------------------------------------------------------


