============================================================
  Generated by:           Genus(TM) Synthesis Solution 19.10-p002_1
  Generated on:           Mar 21 2021  08:51:55 pm
  Module:                 vlc_phy_fec_TX
  Technology libraries:   tcb018gbwp7ttc 270
                          physical_cells 
  Operating conditions:   NCCOM 
  Interconnect mode:      placement
  Area mode:              physical library
============================================================

                                         Leakage    Internal  
     Gate       Instances     Area     Power (uW)  Power (uW)      Library      
--------------------------------------------------------------------------------
AN2D1BWP7T             49      537.824      0.002      40.166    tcb018gbwp7ttc 
AN2D2BWP7T              9      138.298      0.001       3.711    tcb018gbwp7ttc 
AN2D4BWP7T             14      368.794      0.002     259.216    tcb018gbwp7ttc 
AN2XD1BWP7T             8      105.370      0.000       4.905    tcb018gbwp7ttc 
AN3D1BWP7T             39      513.677      0.002      15.006    tcb018gbwp7ttc 
AN3D2BWP7T              2       35.123      0.000       4.161    tcb018gbwp7ttc 
AN3D4BWP7T              2       65.856      0.000       0.342    tcb018gbwp7ttc 
AN4D0BWP7T             91     1398.342      0.007       1.614    tcb018gbwp7ttc 
AN4D1BWP7T             95     1459.808      0.007      10.130    tcb018gbwp7ttc 
AN4D2BWP7T             28      553.190      0.003       2.983    tcb018gbwp7ttc 
AN4D4BWP7T              2       79.027      0.000       0.731    tcb018gbwp7ttc 
AN4XD1BWP7T             1       17.562      0.000       0.220    tcb018gbwp7ttc 
AO211D0BWP7T            8      122.931      0.000      24.775    tcb018gbwp7ttc 
AO21D0BWP7T            16      210.739      0.001      39.465    tcb018gbwp7ttc 
AO21D1BWP7T             1       15.366      0.000       3.278    tcb018gbwp7ttc 
AO21D2BWP7T             1       17.562      0.000       7.755    tcb018gbwp7ttc 
AO221D0BWP7T           25      493.920      0.001     108.130    tcb018gbwp7ttc 
AO222D0BWP7T           15      362.208      0.001      26.725    tcb018gbwp7ttc 
AO222D1BWP7T            3       79.027      0.000       0.048    tcb018gbwp7ttc 
AO222D2BWP7T            5      142.688      0.000      57.873    tcb018gbwp7ttc 
AO22D0BWP7T            43      755.149      0.002      87.963    tcb018gbwp7ttc 
AO22D1BWP7T             8      158.054      0.000      55.665    tcb018gbwp7ttc 
AO22D2BWP7T             4       87.808      0.000      27.443    tcb018gbwp7ttc 
AO31D1BWP7T             2       35.123      0.000      18.020    tcb018gbwp7ttc 
AO32D1BWP7T             5      109.760      0.000      19.382    tcb018gbwp7ttc 
AOI211D1BWP7T           2       26.342      0.000       5.989    tcb018gbwp7ttc 
AOI211D2BWP7T           3       72.442      0.000       0.038    tcb018gbwp7ttc 
AOI211XD0BWP7T         13      171.226      0.001      14.939    tcb018gbwp7ttc 
AOI21D0BWP7T           33      362.208      0.001      35.255    tcb018gbwp7ttc 
AOI21D1BWP7T            2       26.342      0.000       0.000    tcb018gbwp7ttc 
AOI21D2BWP7T            1       19.757      0.000       0.036    tcb018gbwp7ttc 
AOI221D0BWP7T          28      491.725      0.001      22.018    tcb018gbwp7ttc 
AOI221D1BWP7T          10      197.568      0.001       0.076    tcb018gbwp7ttc 
AOI221D2BWP7T           4      140.493      0.000       0.003    tcb018gbwp7ttc 
AOI222D0BWP7T         167     3299.386      0.007      23.840    tcb018gbwp7ttc 
AOI222D1BWP7T          52     1141.504      0.003       1.559    tcb018gbwp7ttc 
AOI222D2BWP7T          10      395.136      0.001       0.063    tcb018gbwp7ttc 
AOI22D0BWP7T         8035   105830.592      0.227      40.686    tcb018gbwp7ttc 
AOI22D1BWP7T          196     3011.814      0.007       0.562    tcb018gbwp7ttc 
AOI22D2BWP7T           93     2449.843      0.007       0.088    tcb018gbwp7ttc 
AOI31D0BWP7T            8      105.370      0.000      17.834    tcb018gbwp7ttc 
AOI32D1BWP7T            5       87.808      0.000      13.745    tcb018gbwp7ttc 
AOI33D1BWP7T            1       19.757      0.000       2.441    tcb018gbwp7ttc 
BUFFD10BWP7T            6      250.253      0.002      35.719    tcb018gbwp7ttc 
BUFFD1BWP7T            11       96.589      0.000       3.029    tcb018gbwp7ttc 
BUFFD1P5BWP7T         193     2118.368      0.012     747.137    tcb018gbwp7ttc 
BUFFD2BWP7T            49      645.389      0.003      44.553    tcb018gbwp7ttc 
BUFFD2P5BWP7T          33      507.091      0.003      12.802    tcb018gbwp7ttc 
BUFFD3BWP7T           261     4010.630      0.025     110.495    tcb018gbwp7ttc 
BUFFD4BWP7T            30      592.704      0.004      26.779    tcb018gbwp7ttc 
BUFFD5BWP7T            13      313.914      0.002     102.575    tcb018gbwp7ttc 
BUFFD6BWP7T            62     1633.229      0.012      81.798    tcb018gbwp7ttc 
BUFFD8BWP7T            16      561.971      0.004     108.213    tcb018gbwp7ttc 
CKAN2D1BWP7T          236     2590.336      0.011      69.432    tcb018gbwp7ttc 
CKAN2D2BWP7T            1       15.366      0.000       0.000    tcb018gbwp7ttc 
CKAN2D4BWP7T            2       52.685      0.000      38.856    tcb018gbwp7ttc 
CKAN2D8BWP7T            8      316.109      0.001      13.691    tcb018gbwp7ttc 
CKBD2BWP7T             32      421.478      0.002      36.184    tcb018gbwp7ttc 
CKBD4BWP7T             21      414.893      0.002       4.214    tcb018gbwp7ttc 
CKMUX2D1BWP7T          16      316.109      0.001      92.005    tcb018gbwp7ttc 
CKND10BWP7T             8      228.301      0.001       4.437    tcb018gbwp7ttc 
CKND12BWP7T            13      456.602      0.003       8.360    tcb018gbwp7ttc 
CKND1BWP7T            125      823.200      0.003       3.652    tcb018gbwp7ttc 
CKND2BWP7T             33      289.766      0.001       9.260    tcb018gbwp7ttc 
CKND2D1BWP7T           67      588.314      0.001      10.114    tcb018gbwp7ttc 
CKND2D2BWP7T           65      998.816      0.002      27.681    tcb018gbwp7ttc 
CKND2D3BWP7T           34      671.731      0.001      16.400    tcb018gbwp7ttc 
CKND2D4BWP7T           19      500.506      0.001       6.801    tcb018gbwp7ttc 
CKND3BWP7T              3       39.514      0.000       0.313    tcb018gbwp7ttc 
CKND4BWP7T              2       30.733      0.000       2.303    tcb018gbwp7ttc 
CKND6BWP7T              8      158.054      0.001       7.100    tcb018gbwp7ttc 
CKND8BWP7T              1       26.342      0.000       0.027    tcb018gbwp7ttc 
CKXOR2D0BWP7T           7      138.298      0.001      27.363    tcb018gbwp7ttc 
CKXOR2D1BWP7T        1184    23392.051      0.117   21216.109    tcb018gbwp7ttc 
DEL01BWP7T             58      509.286      0.003      99.733    tcb018gbwp7ttc 
DFCND0BWP7T            30     1514.688      0.005    1413.568    tcb018gbwp7ttc 
DFCNQD1BWP7T          712    34385.613      0.114   39942.233    tcb018gbwp7ttc 
DFD0BWP7T               3      131.712      0.000     110.718    tcb018gbwp7ttc 
DFKCNQD1BWP7T           6      263.424      0.001     250.864    tcb018gbwp7ttc 
DFKSND1BWP7T            1       52.685      0.000      41.306    tcb018gbwp7ttc 
DFQD0BWP7T              4      166.835      0.001     139.474    tcb018gbwp7ttc 
DFQD1BWP7T             46     1918.605      0.007    1724.206    tcb018gbwp7ttc 
DFSND0BWP7T             1       52.685      0.000      44.006    tcb018gbwp7ttc 
DFSNQD1BWP7T            5      252.448      0.001     220.547    tcb018gbwp7ttc 
EDFD1BWP7T              5      285.376      0.001     175.061    tcb018gbwp7ttc 
EDFKCNQD1BWP7T         59     3496.954      0.011    2640.365    tcb018gbwp7ttc 
EDFKCNQD2BWP7T          8      509.286      0.002     386.301    tcb018gbwp7ttc 
EDFQD0BWP7T             2      109.760      0.000      88.559    tcb018gbwp7ttc 
EDFQD1BWP7T         17576   964570.880      3.396  615659.356    tcb018gbwp7ttc 
HA1D0BWP7T             37     1218.336      0.004     126.303    tcb018gbwp7ttc 
HA1D1BWP7T              7      245.862      0.001      27.661    tcb018gbwp7ttc 
IAO21D0BWP7T           15      197.568      0.001      25.222    tcb018gbwp7ttc 
IIND4D0BWP7T            1       19.757      0.000       1.318    tcb018gbwp7ttc 
IINR4D0BWP7T            3       59.270      0.000       1.953    tcb018gbwp7ttc 
IINR4D1BWP7T            1       28.538      0.000       0.035    tcb018gbwp7ttc 
IINR4D2BWP7T            1       61.466      0.000       0.311    tcb018gbwp7ttc 
IND2D1BWP7T           213     2337.888      0.007     193.398    tcb018gbwp7ttc 
IND2D2BWP7T            54      948.326      0.002      32.143    tcb018gbwp7ttc 
IND2D4BWP7T             7      230.496      0.001      10.575    tcb018gbwp7ttc 
IND3D0BWP7T             1       13.171      0.000       0.095    tcb018gbwp7ttc 
IND3D1BWP7T            28      368.794      0.001      44.672    tcb018gbwp7ttc 
IND3D2BWP7T             4      105.370      0.000       5.911    tcb018gbwp7ttc 
IND4D0BWP7T            28      430.259      0.002       7.331    tcb018gbwp7ttc 
IND4D1BWP7T            33      579.533      0.003       2.540    tcb018gbwp7ttc 
IND4D2BWP7T            22      724.416      0.004       4.979    tcb018gbwp7ttc 
INR2D1BWP7T            53      581.728      0.002      90.183    tcb018gbwp7ttc 
INR2D2BWP7T            10      175.616      0.001      61.424    tcb018gbwp7ttc 
INR2XD0BWP7T           52      570.752      0.002      46.488    tcb018gbwp7ttc 
INR2XD1BWP7T            2       35.123      0.000       3.095    tcb018gbwp7ttc 
INR2XD2BWP7T            2       48.294      0.000       3.841    tcb018gbwp7ttc 
INR2XD4BWP7T            6      302.938      0.001     128.397    tcb018gbwp7ttc 
INR3D0BWP7T            13      199.763      0.000      21.122    tcb018gbwp7ttc 
INR3D1BWP7T             2       39.514      0.000       1.971    tcb018gbwp7ttc 
INR3D2BWP7T             5      131.712      0.001       2.985    tcb018gbwp7ttc 
INR4D0BWP7T             3       52.685      0.000       1.939    tcb018gbwp7ttc 
INR4D1BWP7T             7      184.397      0.001       3.239    tcb018gbwp7ttc 
INR4D2BWP7T             2      114.150      0.000       0.382    tcb018gbwp7ttc 
INVD0BWP7T            420     2765.952      0.008      15.361    tcb018gbwp7ttc 
INVD10BWP7T             1       32.928      0.000       2.496    tcb018gbwp7ttc 
INVD1BWP7T            235     1547.616      0.005     126.583    tcb018gbwp7ttc 
INVD1P5BWP7T            1        8.781      0.000       0.500    tcb018gbwp7ttc 
INVD2BWP7T            189     1659.571      0.008     369.537    tcb018gbwp7ttc 
INVD2P5BWP7T           30      329.280      0.002      40.237    tcb018gbwp7ttc 
INVD3BWP7T              2       26.342      0.000       0.882    tcb018gbwp7ttc 
INVD4BWP7T             19      291.962      0.002      22.382    tcb018gbwp7ttc 
INVD5BWP7T              3       52.685      0.000       3.002    tcb018gbwp7ttc 
INVD6BWP7T              2       39.514      0.000       3.393    tcb018gbwp7ttc 
INVD8BWP7T              2       52.685      0.000       4.070    tcb018gbwp7ttc 
IOA21D0BWP7T            1       13.171      0.000       2.457    tcb018gbwp7ttc 
IOA21D1BWP7T           29      381.965      0.001      47.258    tcb018gbwp7ttc 
MAOI22D0BWP7T           9      138.298      0.000      20.128    tcb018gbwp7ttc 
MOAI22D0BWP7T           4       61.466      0.000       9.410    tcb018gbwp7ttc 
MUX2D0BWP7T            17      335.866      0.001      90.148    tcb018gbwp7ttc 
MUX2D1BWP7T           735    14521.248      0.054   13110.753    tcb018gbwp7ttc 
MUX2D2BWP7T             4       87.808      0.000      49.491    tcb018gbwp7ttc 
MUX2ND0BWP7T            3       52.685      0.000       7.463    tcb018gbwp7ttc 
MUX3D0BWP7T             1       32.928      0.000       7.308    tcb018gbwp7ttc 
ND2D0BWP7T              1        8.781      0.000       0.205    tcb018gbwp7ttc 
ND2D1BWP7T            309     2713.267      0.006     123.301    tcb018gbwp7ttc 
ND2D1P5BWP7T           20      307.328      0.000       2.124    tcb018gbwp7ttc 
ND2D2BWP7T             44      676.122      0.001      12.279    tcb018gbwp7ttc 
ND2D2P5BWP7T           29      572.947      0.001       2.376    tcb018gbwp7ttc 
ND2D3BWP7T             43      849.542      0.002      14.800    tcb018gbwp7ttc 
ND2D4BWP7T             11      289.766      0.001      12.435    tcb018gbwp7ttc 
ND2D5BWP7T             13      428.064      0.001      10.932    tcb018gbwp7ttc 
ND2D6BWP7T             12      447.821      0.001      22.648    tcb018gbwp7ttc 
ND3D0BWP7T             25      274.400      0.001      12.222    tcb018gbwp7ttc 
ND3D1BWP7T              8      105.370      0.000       1.868    tcb018gbwp7ttc 
ND3D2BWP7T              5       98.784      0.000       1.387    tcb018gbwp7ttc 
ND3D3BWP7T              6      171.226      0.000       4.310    tcb018gbwp7ttc 
ND3D4BWP7T              6      237.082      0.001       7.563    tcb018gbwp7ttc 
ND4D0BWP7T           1596    21021.235      0.083      20.180    tcb018gbwp7ttc 
ND4D1BWP7T            330     5070.912      0.022       7.642    tcb018gbwp7ttc 
ND4D2BWP7T             44     1255.654      0.006       7.026    tcb018gbwp7ttc 
ND4D3BWP7T              5      186.592      0.001       0.417    tcb018gbwp7ttc 
ND4D4BWP7T              7      353.427      0.002       7.045    tcb018gbwp7ttc 
NR2D0BWP7T              2       17.562      0.000       1.047    tcb018gbwp7ttc 
NR2D1BWP7T           4340    38108.672      0.030      96.302    tcb018gbwp7ttc 
NR2D1P5BWP7T            6       92.198      0.000       0.523    tcb018gbwp7ttc 
NR2D2BWP7T             60      921.984      0.001      18.680    tcb018gbwp7ttc 
NR2D3BWP7T             26      513.677      0.001      16.303    tcb018gbwp7ttc 
NR2D4BWP7T             14      368.794      0.001      19.514    tcb018gbwp7ttc 
NR2D5BWP7T              1       32.928      0.000       1.060    tcb018gbwp7ttc 
NR2D6BWP7T              3      111.955      0.000       2.842    tcb018gbwp7ttc 
NR2XD0BWP7T          4439    38977.971      0.030     108.343    tcb018gbwp7ttc 
NR2XD1BWP7T            19      291.962      0.001       0.476    tcb018gbwp7ttc 
NR2XD2BWP7T             2       52.685      0.000       3.275    tcb018gbwp7ttc 
NR2XD3BWP7T             5      164.640      0.000       3.260    tcb018gbwp7ttc 
NR3D0BWP7T             46      504.896      0.002       7.776    tcb018gbwp7ttc 
NR3D1BWP7T             42      737.587      0.003       4.713    tcb018gbwp7ttc 
NR3D2BWP7T             13      513.677      0.003       1.780    tcb018gbwp7ttc 
NR3D3BWP7T              3      138.298      0.001       0.537    tcb018gbwp7ttc 
NR4D0BWP7T            171     2252.275      0.013      15.375    tcb018gbwp7ttc 
NR4D1BWP7T            184     4039.168      0.019      18.996    tcb018gbwp7ttc 
NR4D2BWP7T             35     1767.136      0.011       5.055    tcb018gbwp7ttc 
NR4D3BWP7T             15      921.984      0.006      14.599    tcb018gbwp7ttc 
NR4D4BWP7T              2      166.835      0.001      16.175    tcb018gbwp7ttc 
OA211D0BWP7T            3       52.685      0.000      10.577    tcb018gbwp7ttc 
OA21D0BWP7T            19      250.253      0.001      32.103    tcb018gbwp7ttc 
OA221D0BWP7T            2       39.514      0.000       7.705    tcb018gbwp7ttc 
OA22D0BWP7T             1       17.562      0.000       0.763    tcb018gbwp7ttc 
OA31D1BWP7T             2       35.123      0.000       4.175    tcb018gbwp7ttc 
OA32D1BWP7T             2       43.904      0.000       8.196    tcb018gbwp7ttc 
OAI211D1BWP7T          25      329.280      0.001      85.111    tcb018gbwp7ttc 
OAI21D0BWP7T           29      318.304      0.001      37.314    tcb018gbwp7ttc 
OAI21D1BWP7T            1       13.171      0.000       2.150    tcb018gbwp7ttc 
OAI221D0BWP7T          19      333.670      0.001      61.467    tcb018gbwp7ttc 
OAI22D0BWP7T            5       65.856      0.000      10.132    tcb018gbwp7ttc 
OAI31D0BWP7T           19      250.253      0.001      33.106    tcb018gbwp7ttc 
OAI32D1BWP7T            4       70.246      0.000      14.890    tcb018gbwp7ttc 
OAI33D1BWP7T            1       19.757      0.000       2.146    tcb018gbwp7ttc 
OR2D0BWP7T              1       10.976      0.000       0.230    tcb018gbwp7ttc 
OR2D1BWP7T             89      976.864      0.004     110.878    tcb018gbwp7ttc 
OR2D2BWP7T             49      752.954      0.003      13.120    tcb018gbwp7ttc 
OR2D4BWP7T             31      816.614      0.004      15.333    tcb018gbwp7ttc 
OR2D8BWP7T              9      375.379      0.002       8.707    tcb018gbwp7ttc 
OR2XD1BWP7T             8      105.370      0.000       1.850    tcb018gbwp7ttc 
OR3D0BWP7T              1       15.366      0.000       0.200    tcb018gbwp7ttc 
OR3D1BWP7T              7      107.565      0.000       4.894    tcb018gbwp7ttc 
OR3D2BWP7T              1       17.562      0.000       0.379    tcb018gbwp7ttc 
OR3D4BWP7T              3       85.613      0.000       9.934    tcb018gbwp7ttc 
OR3XD1BWP7T             2       30.733      0.000       5.187    tcb018gbwp7ttc 
OR4D1BWP7T              4       70.246      0.000       1.017    tcb018gbwp7ttc 
OR4D2BWP7T              3       59.270      0.000       3.087    tcb018gbwp7ttc 
OR4D4BWP7T              1       35.123      0.000       0.840    tcb018gbwp7ttc 
OR4XD1BWP7T             3       52.685      0.000       2.889    tcb018gbwp7ttc 
SDFKCNQD1BWP7T          2      122.931      0.000     169.387    tcb018gbwp7ttc 
XNR2D1BWP7T            68     1343.462      0.007     882.127    tcb018gbwp7ttc 
XNR3D1BWP7T            44     1642.010      0.008    1202.067    tcb018gbwp7ttc 
XNR4D1BWP7T             6      302.938      0.001     167.864    tcb018gbwp7ttc 
XOR2D1BWP7T             1       21.952      0.000       3.029    tcb018gbwp7ttc 
XOR3D0BWP7T             7      261.229      0.001     161.745    tcb018gbwp7ttc 
XOR3D1BWP7T           165     6157.536      0.028    4332.073    tcb018gbwp7ttc 
XOR4D1BWP7T            18      908.813      0.004     496.418    tcb018gbwp7ttc 
--------------------------------------------------------------------------------
total               45130  1351448.538      4.493  710115.432                   


                                              Leakage  Leakage  Internal  Internal 
     Type      Instances     Area    Area % Power (uW) Power % Power (uW)  Power % 
-----------------------------------------------------------------------------------
sequential         18460 1007833.882   74.6      3.540    78.8 663005.951     93.4 
inverter            1097    8859.827    0.7      0.036     0.8    623.894      0.1 
buffer               785   12075.795    0.9      0.073     1.6   1413.230      0.2 
logic              24788  322679.034   23.9      0.845    18.8  45072.356      6.3 
physical_cells         0       0.000    0.0      0.000     0.0      0.000      0.0 
-----------------------------------------------------------------------------------
total              45130 1351448.538  100.0      4.493   100.0 710115.432    100.0 

