============================================================
  Generated by:           Genus(TM) Synthesis Solution 19.10-p002_1
  Generated on:           Mar 21 2021  08:52:02 pm
  Module:                 vlc_phy_fec_TX
  Technology libraries:   tcb018gbwp7ttc 270
                          physical_cells 
  Operating conditions:   NCCOM 
  Interconnect mode:      placement
  Area mode:              physical library
============================================================

                                       
     Gate       Instances     Area          Library      
---------------------------------------------------------
AN2D1BWP7T             49      537.824    tcb018gbwp7ttc 
AN2D2BWP7T              9      138.298    tcb018gbwp7ttc 
AN2D4BWP7T             14      368.794    tcb018gbwp7ttc 
AN2XD1BWP7T             8      105.370    tcb018gbwp7ttc 
AN3D1BWP7T             39      513.677    tcb018gbwp7ttc 
AN3D2BWP7T              2       35.123    tcb018gbwp7ttc 
AN3D4BWP7T              2       65.856    tcb018gbwp7ttc 
AN4D0BWP7T             91     1398.342    tcb018gbwp7ttc 
AN4D1BWP7T             95     1459.808    tcb018gbwp7ttc 
AN4D2BWP7T             28      553.190    tcb018gbwp7ttc 
AN4D4BWP7T              2       79.027    tcb018gbwp7ttc 
AN4XD1BWP7T             1       17.562    tcb018gbwp7ttc 
AO211D0BWP7T            8      122.931    tcb018gbwp7ttc 
AO21D0BWP7T            16      210.739    tcb018gbwp7ttc 
AO21D1BWP7T             1       15.366    tcb018gbwp7ttc 
AO21D2BWP7T             1       17.562    tcb018gbwp7ttc 
AO221D0BWP7T           25      493.920    tcb018gbwp7ttc 
AO222D0BWP7T           15      362.208    tcb018gbwp7ttc 
AO222D1BWP7T            3       79.027    tcb018gbwp7ttc 
AO222D2BWP7T            5      142.688    tcb018gbwp7ttc 
AO22D0BWP7T            43      755.149    tcb018gbwp7ttc 
AO22D1BWP7T             8      158.054    tcb018gbwp7ttc 
AO22D2BWP7T             4       87.808    tcb018gbwp7ttc 
AO31D1BWP7T             2       35.123    tcb018gbwp7ttc 
AO32D1BWP7T             5      109.760    tcb018gbwp7ttc 
AOI211D1BWP7T           2       26.342    tcb018gbwp7ttc 
AOI211D2BWP7T           3       72.442    tcb018gbwp7ttc 
AOI211XD0BWP7T         13      171.226    tcb018gbwp7ttc 
AOI21D0BWP7T           33      362.208    tcb018gbwp7ttc 
AOI21D1BWP7T            2       26.342    tcb018gbwp7ttc 
AOI21D2BWP7T            1       19.757    tcb018gbwp7ttc 
AOI221D0BWP7T          28      491.725    tcb018gbwp7ttc 
AOI221D1BWP7T          10      197.568    tcb018gbwp7ttc 
AOI221D2BWP7T           4      140.493    tcb018gbwp7ttc 
AOI222D0BWP7T         167     3299.386    tcb018gbwp7ttc 
AOI222D1BWP7T          52     1141.504    tcb018gbwp7ttc 
AOI222D2BWP7T          10      395.136    tcb018gbwp7ttc 
AOI22D0BWP7T         8035   105830.592    tcb018gbwp7ttc 
AOI22D1BWP7T          196     3011.814    tcb018gbwp7ttc 
AOI22D2BWP7T           93     2449.843    tcb018gbwp7ttc 
AOI31D0BWP7T            8      105.370    tcb018gbwp7ttc 
AOI32D1BWP7T            5       87.808    tcb018gbwp7ttc 
AOI33D1BWP7T            1       19.757    tcb018gbwp7ttc 
BUFFD10BWP7T            6      250.253    tcb018gbwp7ttc 
BUFFD1BWP7T            11       96.589    tcb018gbwp7ttc 
BUFFD1P5BWP7T         193     2118.368    tcb018gbwp7ttc 
BUFFD2BWP7T            49      645.389    tcb018gbwp7ttc 
BUFFD2P5BWP7T          33      507.091    tcb018gbwp7ttc 
BUFFD3BWP7T           261     4010.630    tcb018gbwp7ttc 
BUFFD4BWP7T            30      592.704    tcb018gbwp7ttc 
BUFFD5BWP7T            13      313.914    tcb018gbwp7ttc 
BUFFD6BWP7T            62     1633.229    tcb018gbwp7ttc 
BUFFD8BWP7T            16      561.971    tcb018gbwp7ttc 
CKAN2D1BWP7T          236     2590.336    tcb018gbwp7ttc 
CKAN2D2BWP7T            1       15.366    tcb018gbwp7ttc 
CKAN2D4BWP7T            2       52.685    tcb018gbwp7ttc 
CKAN2D8BWP7T            8      316.109    tcb018gbwp7ttc 
CKBD2BWP7T             32      421.478    tcb018gbwp7ttc 
CKBD4BWP7T             21      414.893    tcb018gbwp7ttc 
CKMUX2D1BWP7T          16      316.109    tcb018gbwp7ttc 
CKND10BWP7T             8      228.301    tcb018gbwp7ttc 
CKND12BWP7T            13      456.602    tcb018gbwp7ttc 
CKND1BWP7T            125      823.200    tcb018gbwp7ttc 
CKND2BWP7T             33      289.766    tcb018gbwp7ttc 
CKND2D1BWP7T           67      588.314    tcb018gbwp7ttc 
CKND2D2BWP7T           65      998.816    tcb018gbwp7ttc 
CKND2D3BWP7T           34      671.731    tcb018gbwp7ttc 
CKND2D4BWP7T           19      500.506    tcb018gbwp7ttc 
CKND3BWP7T              3       39.514    tcb018gbwp7ttc 
CKND4BWP7T              2       30.733    tcb018gbwp7ttc 
CKND6BWP7T              8      158.054    tcb018gbwp7ttc 
CKND8BWP7T              1       26.342    tcb018gbwp7ttc 
CKXOR2D0BWP7T           7      138.298    tcb018gbwp7ttc 
CKXOR2D1BWP7T        1184    23392.051    tcb018gbwp7ttc 
DEL01BWP7T             58      509.286    tcb018gbwp7ttc 
DFCND0BWP7T            30     1514.688    tcb018gbwp7ttc 
DFCNQD1BWP7T          712    34385.613    tcb018gbwp7ttc 
DFD0BWP7T               3      131.712    tcb018gbwp7ttc 
DFKCNQD1BWP7T           6      263.424    tcb018gbwp7ttc 
DFKSND1BWP7T            1       52.685    tcb018gbwp7ttc 
DFQD0BWP7T              4      166.835    tcb018gbwp7ttc 
DFQD1BWP7T             46     1918.605    tcb018gbwp7ttc 
DFSND0BWP7T             1       52.685    tcb018gbwp7ttc 
DFSNQD1BWP7T            5      252.448    tcb018gbwp7ttc 
EDFD1BWP7T              5      285.376    tcb018gbwp7ttc 
EDFKCNQD1BWP7T         59     3496.954    tcb018gbwp7ttc 
EDFKCNQD2BWP7T          8      509.286    tcb018gbwp7ttc 
EDFQD0BWP7T             2      109.760    tcb018gbwp7ttc 
EDFQD1BWP7T         17576   964570.880    tcb018gbwp7ttc 
HA1D0BWP7T             37     1218.336    tcb018gbwp7ttc 
HA1D1BWP7T              7      245.862    tcb018gbwp7ttc 
IAO21D0BWP7T           15      197.568    tcb018gbwp7ttc 
IIND4D0BWP7T            1       19.757    tcb018gbwp7ttc 
IINR4D0BWP7T            3       59.270    tcb018gbwp7ttc 
IINR4D1BWP7T            1       28.538    tcb018gbwp7ttc 
IINR4D2BWP7T            1       61.466    tcb018gbwp7ttc 
IND2D1BWP7T           213     2337.888    tcb018gbwp7ttc 
IND2D2BWP7T            54      948.326    tcb018gbwp7ttc 
IND2D4BWP7T             7      230.496    tcb018gbwp7ttc 
IND3D0BWP7T             1       13.171    tcb018gbwp7ttc 
IND3D1BWP7T            28      368.794    tcb018gbwp7ttc 
IND3D2BWP7T             4      105.370    tcb018gbwp7ttc 
IND4D0BWP7T            28      430.259    tcb018gbwp7ttc 
IND4D1BWP7T            33      579.533    tcb018gbwp7ttc 
IND4D2BWP7T            22      724.416    tcb018gbwp7ttc 
INR2D1BWP7T            53      581.728    tcb018gbwp7ttc 
INR2D2BWP7T            10      175.616    tcb018gbwp7ttc 
INR2XD0BWP7T           52      570.752    tcb018gbwp7ttc 
INR2XD1BWP7T            2       35.123    tcb018gbwp7ttc 
INR2XD2BWP7T            2       48.294    tcb018gbwp7ttc 
INR2XD4BWP7T            6      302.938    tcb018gbwp7ttc 
INR3D0BWP7T            13      199.763    tcb018gbwp7ttc 
INR3D1BWP7T             2       39.514    tcb018gbwp7ttc 
INR3D2BWP7T             5      131.712    tcb018gbwp7ttc 
INR4D0BWP7T             3       52.685    tcb018gbwp7ttc 
INR4D1BWP7T             7      184.397    tcb018gbwp7ttc 
INR4D2BWP7T             2      114.150    tcb018gbwp7ttc 
INVD0BWP7T            420     2765.952    tcb018gbwp7ttc 
INVD10BWP7T             1       32.928    tcb018gbwp7ttc 
INVD1BWP7T            235     1547.616    tcb018gbwp7ttc 
INVD1P5BWP7T            1        8.781    tcb018gbwp7ttc 
INVD2BWP7T            189     1659.571    tcb018gbwp7ttc 
INVD2P5BWP7T           30      329.280    tcb018gbwp7ttc 
INVD3BWP7T              2       26.342    tcb018gbwp7ttc 
INVD4BWP7T             19      291.962    tcb018gbwp7ttc 
INVD5BWP7T              3       52.685    tcb018gbwp7ttc 
INVD6BWP7T              2       39.514    tcb018gbwp7ttc 
INVD8BWP7T              2       52.685    tcb018gbwp7ttc 
IOA21D0BWP7T            1       13.171    tcb018gbwp7ttc 
IOA21D1BWP7T           29      381.965    tcb018gbwp7ttc 
MAOI22D0BWP7T           9      138.298    tcb018gbwp7ttc 
MOAI22D0BWP7T           4       61.466    tcb018gbwp7ttc 
MUX2D0BWP7T            17      335.866    tcb018gbwp7ttc 
MUX2D1BWP7T           735    14521.248    tcb018gbwp7ttc 
MUX2D2BWP7T             4       87.808    tcb018gbwp7ttc 
MUX2ND0BWP7T            3       52.685    tcb018gbwp7ttc 
MUX3D0BWP7T             1       32.928    tcb018gbwp7ttc 
ND2D0BWP7T              1        8.781    tcb018gbwp7ttc 
ND2D1BWP7T            309     2713.267    tcb018gbwp7ttc 
ND2D1P5BWP7T           20      307.328    tcb018gbwp7ttc 
ND2D2BWP7T             44      676.122    tcb018gbwp7ttc 
ND2D2P5BWP7T           29      572.947    tcb018gbwp7ttc 
ND2D3BWP7T             43      849.542    tcb018gbwp7ttc 
ND2D4BWP7T             11      289.766    tcb018gbwp7ttc 
ND2D5BWP7T             13      428.064    tcb018gbwp7ttc 
ND2D6BWP7T             12      447.821    tcb018gbwp7ttc 
ND3D0BWP7T             25      274.400    tcb018gbwp7ttc 
ND3D1BWP7T              8      105.370    tcb018gbwp7ttc 
ND3D2BWP7T              5       98.784    tcb018gbwp7ttc 
ND3D3BWP7T              6      171.226    tcb018gbwp7ttc 
ND3D4BWP7T              6      237.082    tcb018gbwp7ttc 
ND4D0BWP7T           1596    21021.235    tcb018gbwp7ttc 
ND4D1BWP7T            330     5070.912    tcb018gbwp7ttc 
ND4D2BWP7T             44     1255.654    tcb018gbwp7ttc 
ND4D3BWP7T              5      186.592    tcb018gbwp7ttc 
ND4D4BWP7T              7      353.427    tcb018gbwp7ttc 
NR2D0BWP7T              2       17.562    tcb018gbwp7ttc 
NR2D1BWP7T           4340    38108.672    tcb018gbwp7ttc 
NR2D1P5BWP7T            6       92.198    tcb018gbwp7ttc 
NR2D2BWP7T             60      921.984    tcb018gbwp7ttc 
NR2D3BWP7T             26      513.677    tcb018gbwp7ttc 
NR2D4BWP7T             14      368.794    tcb018gbwp7ttc 
NR2D5BWP7T              1       32.928    tcb018gbwp7ttc 
NR2D6BWP7T              3      111.955    tcb018gbwp7ttc 
NR2XD0BWP7T          4439    38977.971    tcb018gbwp7ttc 
NR2XD1BWP7T            19      291.962    tcb018gbwp7ttc 
NR2XD2BWP7T             2       52.685    tcb018gbwp7ttc 
NR2XD3BWP7T             5      164.640    tcb018gbwp7ttc 
NR3D0BWP7T             46      504.896    tcb018gbwp7ttc 
NR3D1BWP7T             42      737.587    tcb018gbwp7ttc 
NR3D2BWP7T             13      513.677    tcb018gbwp7ttc 
NR3D3BWP7T              3      138.298    tcb018gbwp7ttc 
NR4D0BWP7T            171     2252.275    tcb018gbwp7ttc 
NR4D1BWP7T            184     4039.168    tcb018gbwp7ttc 
NR4D2BWP7T             35     1767.136    tcb018gbwp7ttc 
NR4D3BWP7T             15      921.984    tcb018gbwp7ttc 
NR4D4BWP7T              2      166.835    tcb018gbwp7ttc 
OA211D0BWP7T            3       52.685    tcb018gbwp7ttc 
OA21D0BWP7T            19      250.253    tcb018gbwp7ttc 
OA221D0BWP7T            2       39.514    tcb018gbwp7ttc 
OA22D0BWP7T             1       17.562    tcb018gbwp7ttc 
OA31D1BWP7T             2       35.123    tcb018gbwp7ttc 
OA32D1BWP7T             2       43.904    tcb018gbwp7ttc 
OAI211D1BWP7T          25      329.280    tcb018gbwp7ttc 
OAI21D0BWP7T           29      318.304    tcb018gbwp7ttc 
OAI21D1BWP7T            1       13.171    tcb018gbwp7ttc 
OAI221D0BWP7T          19      333.670    tcb018gbwp7ttc 
OAI22D0BWP7T            5       65.856    tcb018gbwp7ttc 
OAI31D0BWP7T           19      250.253    tcb018gbwp7ttc 
OAI32D1BWP7T            4       70.246    tcb018gbwp7ttc 
OAI33D1BWP7T            1       19.757    tcb018gbwp7ttc 
OR2D0BWP7T              1       10.976    tcb018gbwp7ttc 
OR2D1BWP7T             89      976.864    tcb018gbwp7ttc 
OR2D2BWP7T             49      752.954    tcb018gbwp7ttc 
OR2D4BWP7T             31      816.614    tcb018gbwp7ttc 
OR2D8BWP7T              9      375.379    tcb018gbwp7ttc 
OR2XD1BWP7T             8      105.370    tcb018gbwp7ttc 
OR3D0BWP7T              1       15.366    tcb018gbwp7ttc 
OR3D1BWP7T              7      107.565    tcb018gbwp7ttc 
OR3D2BWP7T              1       17.562    tcb018gbwp7ttc 
OR3D4BWP7T              3       85.613    tcb018gbwp7ttc 
OR3XD1BWP7T             2       30.733    tcb018gbwp7ttc 
OR4D1BWP7T              4       70.246    tcb018gbwp7ttc 
OR4D2BWP7T              3       59.270    tcb018gbwp7ttc 
OR4D4BWP7T              1       35.123    tcb018gbwp7ttc 
OR4XD1BWP7T             3       52.685    tcb018gbwp7ttc 
SDFKCNQD1BWP7T          2      122.931    tcb018gbwp7ttc 
XNR2D1BWP7T            68     1343.462    tcb018gbwp7ttc 
XNR3D1BWP7T            44     1642.010    tcb018gbwp7ttc 
XNR4D1BWP7T             6      302.938    tcb018gbwp7ttc 
XOR2D1BWP7T             1       21.952    tcb018gbwp7ttc 
XOR3D0BWP7T             7      261.229    tcb018gbwp7ttc 
XOR3D1BWP7T           165     6157.536    tcb018gbwp7ttc 
XOR4D1BWP7T            18      908.813    tcb018gbwp7ttc 
---------------------------------------------------------
total               45130  1351448.538                   


                                            
     Type      Instances     Area    Area % 
--------------------------------------------
sequential         18460 1007833.882   74.6 
inverter            1097    8859.827    0.7 
buffer               785   12075.795    0.9 
logic              24788  322679.034   23.9 
physical_cells         0       0.000    0.0 
--------------------------------------------
total              45130 1351448.538  100.0 

