============================================================
  Generated by:           Genus(TM) Synthesis Solution 19.10-p002_1
  Generated on:           Mar 21 2021  08:52:02 pm
  Module:                 vlc_phy_fec_TX
  Operating conditions:   NCCOM 
  Interconnect mode:      placement
  Area mode:              physical library
============================================================


Path 1: MET (5 ps) Setup Check with Pin VPF/GEN_ENCODER.VPFE/INTERLEAVER_UNIT/GEN_INTERLEAVER.RIT/IDP/M2D0/MIIC/reg_lin/o_data_reg[8]/CP->D
          Group: clk
     Startpoint: (R) VPF/GEN_ENCODER.VPFE/INTERLEAVER_UNIT/GEN_INTERLEAVER.RIT/IDP/M2D0/MIIC/reg_lin/o_data_reg[0]/CP
          Clock: (R) clk
       Endpoint: (F) VPF/GEN_ENCODER.VPFE/INTERLEAVER_UNIT/GEN_INTERLEAVER.RIT/IDP/M2D0/MIIC/reg_lin/o_data_reg[8]/D
          Clock: (R) clk

                     Capture       Launch     
        Clock Edge:+    3600            0     
       Src Latency:+       0            0     
       Net Latency:+       0 (I)        0 (I) 
           Arrival:=    3600            0     
                                              
             Setup:-     227                  
     Required Time:=    3373                  
      Launch Clock:-       0                  
         Data Path:-    3368                  
             Slack:=       5                  

#------------------------------------------------------------------------------------------------------------------------------------------------------------------------------------------------------------------------------
#                                                            Timing Point                                                             Flags    Arc   Edge      Cell       Fanout Load Trans Delay Arrival       Instance       
#                                                                                                                                                                                (fF)  (ps)  (ps)   (ps)        Location       
#------------------------------------------------------------------------------------------------------------------------------------------------------------------------------------------------------------------------------
  VPF/GEN_ENCODER.VPFE/INTERLEAVER_UNIT/GEN_INTERLEAVER.RIT/IDP/M2D0/MIIC/reg_lin/o_data_reg[0]/CP                                    -       -      R     (arrival)       18460    -     0     -       0                (-,-) 
  VPF/GEN_ENCODER.VPFE/INTERLEAVER_UNIT/GEN_INTERLEAVER.RIT/IDP/M2D0/MIIC/reg_lin/o_data_reg[0]/Q                                     -       CP->Q  R     EDFKCNQD2BWP7T      3 42.3   129   257     257  (143.3600,517.4400) 
  VPF/GEN_ENCODER.VPFE/INTERLEAVER_UNIT/GEN_INTERLEAVER.RIT/IDP/M2D0/MIIC/FE_OFC1059_r_lin_cnt_0/ZN                                   -       I->ZN  F     INVD1BWP7T          1  6.0    44    37     295  (161.2800,517.4400) 
  VPF/GEN_ENCODER.VPFE/INTERLEAVER_UNIT/GEN_INTERLEAVER.RIT/IDP/M2D0/MIIC/FE_OFC733_r_lin_cnt_0/ZN                                    -       I->ZN  R     INVD1BWP7T          4 29.0   176   114     409  (158.4800,513.5200) 
  VPF/GEN_ENCODER.VPFE/INTERLEAVER_UNIT/GEN_INTERLEAVER.RIT/IDP/COMP2/g2__2250/ZN                                                     -       A1->ZN R     INR2D1BWP7T         2  6.7   124   149     558  (132.7200,454.7200) 
  VPF/GEN_ENCODER.VPFE/INTERLEAVER_UNIT/GEN_INTERLEAVER.RIT/IDP/COMP2/g184/ZN                                                         -       A1->ZN R     IAO21D0BWP7T        1  3.7   142   147     705  (136.0800,454.7200) 
  VPF/GEN_ENCODER.VPFE/INTERLEAVER_UNIT/GEN_INTERLEAVER.RIT/IDP/COMP2/g2/ZN                                                           -       A1->ZN R     IOA21D1BWP7T        9 73.1   426   329    1034  (136.6400,450.8000) 
  VPF/GEN_ENCODER.VPFE/INTERLEAVER_UNIT/GEN_INTERLEAVER.RIT/IDP/g177/Z                                                                -       A1->Z  R     CKXOR2D1BWP7T       1  6.2    73   270    1304  (161.8400,435.1200) 
  VPF/GEN_ENCODER.VPFE/INTERLEAVER_UNIT/GEN_INTERLEAVER.RIT/IDP/M2D0/COL_COMP/g282__1786/ZN                                           -       A1->ZN R     XNR2D1BWP7T         1  3.6    53   170    1474  (162.4000,439.0400) 
  VPF/GEN_ENCODER.VPFE/INTERLEAVER_UNIT/GEN_INTERLEAVER.RIT/IDP/M2D0/COL_COMP/g272__4547/Z                                            -       A4->Z  R     AN4D1BWP7T          1  4.5    70   170    1645  (161.2800,442.9600) 
  VPF/GEN_ENCODER.VPFE/INTERLEAVER_UNIT/GEN_INTERLEAVER.RIT/IDP/M2D0/COL_COMP/g270__3772/ZN                                           -       A1->ZN R     INR2D1BWP7T         1  6.0   117   132    1776  (156.2400,446.8800) 
  VPF/GEN_ENCODER.VPFE/INTERLEAVER_UNIT/GEN_INTERLEAVER.RIT/IDP/M2D0/COL_COMP/g290/Z                                                  -       A2->Z  R     AN3D1BWP7T          2 11.6    98   166    1943  (154.5600,466.4800) 
  VPF/GEN_ENCODER.VPFE/INTERLEAVER_UNIT/GEN_INTERLEAVER.RIT/IDP/M2D0/g90__2250/ZN                                                     -       A1->ZN F     ND2D1P5BWP7T        1 18.0   160    61    2004  (142.8000,470.4000) 
  VPF/GEN_ENCODER.VPFE/INTERLEAVER_UNIT/GEN_INTERLEAVER.RIT/IDP/M2D0/g88__7114/ZN                                                     -       A1->ZN R     ND2D4BWP7T         11 84.0   145   120    2124  (137.7600,474.3200) 
  VPF/GEN_ENCODER.VPFE/INTERLEAVER_UNIT/GEN_INTERLEAVER.RIT/IDP/M2D0/MIIC/g247/Z                                                      -       S->Z   R     CKMUX2D1BWP7T       2 21.0   139   253    2378  (147.2800,509.6000) 
  VPF/GEN_ENCODER.VPFE/INTERLEAVER_UNIT/GEN_INTERLEAVER.RIT/IDP/M2D0/MIIC/incrementer0/GENERATE_HALF_ADDER_UNITS[1].HAUX/g23__2250/CO -       B->CO  R     HA1D1BWP7T          1 15.5   106   126    2504  (169.1200,509.6000) 
  VPF/GEN_ENCODER.VPFE/INTERLEAVER_UNIT/GEN_INTERLEAVER.RIT/IDP/M2D0/MIIC/incrementer0/GENERATE_HALF_ADDER_UNITS[2].HAUX/g23__6083/CO -       B->CO  R     HA1D1BWP7T          1 12.5    92   115    2619  (163.5200,529.2000) 
  VPF/GEN_ENCODER.VPFE/INTERLEAVER_UNIT/GEN_INTERLEAVER.RIT/IDP/M2D0/MIIC/incrementer0/GENERATE_HALF_ADDER_UNITS[3].HAUX/g23__2703/CO -       B->CO  R     HA1D1BWP7T          1 15.0   105   121    2740  (164.0800,533.1200) 
  VPF/GEN_ENCODER.VPFE/INTERLEAVER_UNIT/GEN_INTERLEAVER.RIT/IDP/M2D0/MIIC/incrementer0/GENERATE_HALF_ADDER_UNITS[4].HAUX/g23__5795/CO -       B->CO  R     HA1D1BWP7T          1 16.0   110   125    2865  (146.1600,529.2000) 
  VPF/GEN_ENCODER.VPFE/INTERLEAVER_UNIT/GEN_INTERLEAVER.RIT/IDP/M2D0/MIIC/incrementer0/GENERATE_HALF_ADDER_UNITS[5].HAUX/g23__7344/CO -       B->CO  R     HA1D1BWP7T          1 14.4   102   121    2986  (144.4800,501.7600) 
  VPF/GEN_ENCODER.VPFE/INTERLEAVER_UNIT/GEN_INTERLEAVER.RIT/IDP/M2D0/MIIC/incrementer0/GENERATE_HALF_ADDER_UNITS[6].HAUX/g23__1840/CO -       B->CO  R     HA1D1BWP7T          1 12.9    94   116    3101  (138.3200,490.0000) 
  VPF/GEN_ENCODER.VPFE/INTERLEAVER_UNIT/GEN_INTERLEAVER.RIT/IDP/M2D0/MIIC/incrementer0/GENERATE_HALF_ADDER_UNITS[7].HAUX/g23__5019/CO -       B->CO  R     HA1D0BWP7T          1  7.2   104   118    3219  (151.2000,482.1600) 
  VPF/GEN_ENCODER.VPFE/INTERLEAVER_UNIT/GEN_INTERLEAVER.RIT/IDP/M2D0/MIIC/incrementer0/GENERATE_HALF_ADDER_UNITS[8].HAUX/g2/Z         -       A1->Z  F     XOR2D1BWP7T         2  8.6    75   149    3368  (155.1200,486.0800) 
  VPF/GEN_ENCODER.VPFE/INTERLEAVER_UNIT/GEN_INTERLEAVER.RIT/IDP/M2D0/MIIC/reg_lin/o_data_reg[8]/D                                     <<<     -      F     EDFKCNQD1BWP7T      2    -     -     0    3368  (165.2000,482.1600) 
#------------------------------------------------------------------------------------------------------------------------------------------------------------------------------------------------------------------------------

