2020-04-20 08:01:55.862497 (8622) main____ INFO    ----------------------------------------
2020-04-20 08:01:55.862615 (8622) main____ INFO    JasperGold version info
2020-04-20 08:01:55.862629 (8622) main____ INFO      tool      : JasperGold 2019.06
2020-04-20 08:01:55.862641 (8622) main____ INFO      version   : 2019.06p001 64 bits
2020-04-20 08:01:55.862649 (8622) main____ INFO      build date: 2019.08.01 18:19:57 PDT
2020-04-20 08:01:55.862655 (8622) main____ INFO    ----------------------------------------
2020-04-20 08:01:55.862661 (8622) main____ INFO    Runtime info:
2020-04-20 08:01:55.862668 (8622) main____ INFO      platform  : Linux 3.10.0-1062.4.3.el7.x86_64 x86_64
2020-04-20 08:01:55.862678 (8622) main____ INFO      hostname  : optmaS1
2020-04-20 08:01:55.862684 (8622) main____ INFO      pid       : 8622
2020-04-20 08:01:55.862691 (8622) main____ INFO      arguments : '-style' 'windows' 't.tcl' '-proj' 'mem_size_438_3nd_try'
2020-04-20 08:01:55.862697 (8622) main____ INFO    ----------------------------------------
2020-04-20 08:01:55.862703 (8622) main____ INFO    System resource limits info:
2020-04-20 08:01:55.862710 (8622) main____ INFO      virtual memory: unlimited
2020-04-20 08:01:55.862716 (8622) main____ INFO      cpu time      : unlimited
2020-04-20 08:01:55.862737 (8622) main____ INFO      stack size    : 8388608 B
2020-04-20 08:01:55.862747 (8622) main____ INFO      core file size: 0 B
2020-04-20 08:01:55.862758 (8622) main____ INFO      open files    : 1024
2020-04-20 08:01:55.862765 (8622) main____ INFO      file size     : unlimited
2020-04-20 08:01:55.862771 (8622) main____ INFO    ----------------------------------------
2020-04-20 08:01:55.862777 (8622) main____ INFO    Memory statistics:
2020-04-20 08:01:55.862785 (8622) main____ INFO      total physical memory  : 16151404 kB
2020-04-20 08:01:55.862791 (8622) main____ INFO      free physical memory   : 9882308 kB
2020-04-20 08:01:55.862797 (8622) main____ INFO      committed address space: 15884492 kB
2020-04-20 08:01:55.862802 (8622) main____ INFO    ----------------------------------------
2020-04-20 08:01:55.862837 (8622) main____ INFO    Important environment variables:
2020-04-20 08:01:55.862850 (8622) main____ INFO      CDS_LIC_FILE   : '5280@150.164.33.32'
2020-04-20 08:01:55.862860 (8622) main____ INFO      DISPLAY        : ':50.0'
2020-04-20 08:01:55.862868 (8622) main____ INFO      LM_LICENSE_FILE: '5280@150.164.33.32'
2020-04-20 08:01:55.862875 (8622) main____ INFO    ----------------------------------------
2020-04-20 08:01:55.863369 (8622) lic_core INFO    Initializing license system ...
2020-04-20 08:01:55.864236 (8622) lic_core INFO    ... license system initialized.
2020-04-20 08:01:55.865486 (8622) lic__man INFO    Claim 'main' for <ui>.
2020-04-20 08:01:55.865563 (8622) lic_core INFO    (1) checking out 'jasper_interactive' ...
2020-04-20 08:01:55.876624 (8622) lic_core INFO    ... (1) checkout succeeded
2020-04-20 08:01:55.876741 (8622) lic__man INFO    Claim 'fpv' for <ui>.
2020-04-20 08:01:55.876776 (8622) lic_core INFO    (2) checking out 'jasper_fpv' ...
2020-04-20 08:01:55.884535 (8622) lic_core INFO    ... (2) checkout succeeded
2020-04-20 08:02:12.032796 (8622) lic__man INFO    Claim 'fpv' for <ui>.
2020-04-20 08:02:20.269731 (8622) lic__man INFO    Unclaim 'fpv' for <ui>.
2020-04-20 08:02:20.269802 (8622) lic__man INFO    Claim 'fpv' for <ui>.
2020-04-20 08:02:20.275605 (8622) session_ INFO    Starting analysis session with session id 'session_0' (launcher: <local>) ...
2020-04-20 08:02:20.277738 (8622) session_ INFO    Analysis session with session id 'session_0' started (pid: 9020)
2020-04-20 08:02:23.954577 (8622) session_ INFO    Analysis session 'session_0' connected to the console (host: 127.0.0.1:53192)
2020-04-20 08:02:25.980102 (8622) lic__man INFO    Unclaim everything for 'session_0'.
2020-04-20 08:02:26.002928 (8622) lic__man INFO    Unclaim everything for 'session_0'.
2020-04-20 08:02:26.649555 (8622) lic__man INFO    Unclaim everything for 'session_0'.
2020-04-20 08:02:27.149296 (8622) lic__man INFO    Claim 'fpv' for 'session_0/prove-0'.
2020-04-21 08:02:29.448939 (8622) lic__man INFO    Unclaim everything for 'session_0/prove-0'.
2020-04-21 08:10:29.450387 (8622) lic__man INFO    Entering idle state.
2020-04-21 10:02:25.603286 (8622) lic__man INFO    Leaving idle state.
2020-04-21 10:02:25.696493 (8622) main____ INFO    About to exit: requested from GUI
2020-04-21 10:02:25.966992 (8622) session_ INFO    Analysis session 'session_0' disconnected.
2020-04-21 10:02:25.976565 (8622) main____ INFO    Exiting with status 0.
