2020-07-30 01:09:32.485089 (9675) main____ INFO    ----------------------------------------
2020-07-30 01:09:32.485148 (9675) main____ INFO    JasperGold version info
2020-07-30 01:09:32.485157 (9675) main____ INFO      tool      : JasperGold 2019.06
2020-07-30 01:09:32.485164 (9675) main____ INFO      version   : 2019.06p001 64 bits
2020-07-30 01:09:32.485169 (9675) main____ INFO      build date: 2019.08.01 18:19:57 PDT
2020-07-30 01:09:32.485174 (9675) main____ INFO    ----------------------------------------
2020-07-30 01:09:32.485178 (9675) main____ INFO    Runtime info:
2020-07-30 01:09:32.485182 (9675) main____ INFO      platform  : Linux 3.10.0-1127.13.1.el7.x86_64 x86_64
2020-07-30 01:09:32.485189 (9675) main____ INFO      hostname  : optmaS1
2020-07-30 01:09:32.485193 (9675) main____ INFO      pid       : 9675
2020-07-30 01:09:32.485198 (9675) main____ INFO      arguments : '-style' 'windows' 'run_formal_functional_reqs.tcl' '-proj' './to_delete3'
2020-07-30 01:09:32.485202 (9675) main____ INFO    ----------------------------------------
2020-07-30 01:09:32.485206 (9675) main____ INFO    System resource limits info:
2020-07-30 01:09:32.485210 (9675) main____ INFO      virtual memory: unlimited
2020-07-30 01:09:32.485215 (9675) main____ INFO      cpu time      : unlimited
2020-07-30 01:09:32.485227 (9675) main____ INFO      stack size    : 8388608 B
2020-07-30 01:09:32.485233 (9675) main____ INFO      core file size: 0 B
2020-07-30 01:09:32.485240 (9675) main____ INFO      open files    : 1024
2020-07-30 01:09:32.485245 (9675) main____ INFO      file size     : unlimited
2020-07-30 01:09:32.485249 (9675) main____ INFO    ----------------------------------------
2020-07-30 01:09:32.485253 (9675) main____ INFO    Memory statistics:
2020-07-30 01:09:32.485262 (9675) main____ INFO      total physical memory  : 16151352 kB
2020-07-30 01:09:32.485282 (9675) main____ INFO      free physical memory   : 2700840 kB
2020-07-30 01:09:32.485286 (9675) main____ INFO      committed address space: 23507828 kB
2020-07-30 01:09:32.485290 (9675) main____ INFO    ----------------------------------------
2020-07-30 01:09:32.485325 (9675) main____ INFO    Important environment variables:
2020-07-30 01:09:32.485333 (9675) main____ INFO      CDS_LIC_FILE   : '5280@150.164.33.32'
2020-07-30 01:09:32.485340 (9675) main____ INFO      DISPLAY        : ':52.0'
2020-07-30 01:09:32.485345 (9675) main____ INFO      LM_LICENSE_FILE: '5280@150.164.33.32'
2020-07-30 01:09:32.485350 (9675) main____ INFO    ----------------------------------------
2020-07-30 01:09:32.485668 (9675) lic_core INFO    Initializing license system ...
2020-07-30 01:09:32.485984 (9675) lic_core INFO    ... license system initialized.
2020-07-30 01:09:32.486796 (9675) lic__man INFO    Claim 'main' for <ui>.
2020-07-30 01:09:32.486828 (9675) lic_core INFO    (1) checking out 'jasper_interactive' ...
2020-07-30 01:09:32.494993 (9675) lic_core INFO    ... (1) checkout succeeded
2020-07-30 01:09:32.495065 (9675) lic__man INFO    Claim 'fpv' for <ui>.
2020-07-30 01:09:32.495086 (9675) lic_core INFO    (2) checking out 'jasper_fpv' ...
2020-07-30 01:09:32.500803 (9675) lic_core INFO    ... (2) checkout succeeded
2020-07-30 01:09:33.067089 (9675) lic__man INFO    Claim 'fpv' for <ui>.
2020-07-30 01:09:33.202301 (9675) lic__man INFO    Unclaim 'fpv' for <ui>.
2020-07-30 01:09:33.202336 (9675) lic__man INFO    Claim 'fpv' for <ui>.
2020-07-30 01:09:33.206485 (9675) session_ INFO    Starting analysis session with session id 'session_0' (launcher: <local>) ...
2020-07-30 01:09:33.207579 (9675) session_ INFO    Analysis session with session id 'session_0' started (pid: 9689)
2020-07-30 01:09:35.055965 (9675) session_ INFO    Analysis session 'session_0' connected to the console (host: 150.164.33.32:52362)
2020-07-30 01:09:35.569710 (9675) lic__man INFO    Unclaim everything for 'session_0'.
2020-07-30 01:09:35.583247 (9675) lic__man INFO    Unclaim everything for 'session_0'.
2020-07-30 01:09:35.593845 (9675) lic__man INFO    Unclaim everything for 'session_0'.
2020-07-30 01:09:35.624245 (9675) lic__man INFO    Unclaim everything for 'session_0'.
2020-07-30 01:09:53.649527 (9675) lic__man INFO    Unclaim everything for 'session_0'.
2020-07-30 01:09:53.787061 (9675) lic__man INFO    Claim 'fpv' for 'session_0/prove-0'.
2020-07-30 01:10:25.062396 (9675) main____ INFO    About to exit: requested from GUI
2020-07-30 01:10:25.237907 (9675) session_ INFO    Analysis session 'session_0' disconnected.
2020-07-30 01:10:25.242888 (9675) main____ INFO    Exiting with status 0.
