2020-08-15 19:19:45.119380 (23090) main____ INFO    ----------------------------------------
2020-08-15 19:19:45.119445 (23090) main____ INFO    JasperGold version info
2020-08-15 19:19:45.119453 (23090) main____ INFO      tool      : JasperGold 2019.06
2020-08-15 19:19:45.119460 (23090) main____ INFO      version   : 2019.06p001 64 bits
2020-08-15 19:19:45.119466 (23090) main____ INFO      build date: 2019.08.01 18:19:57 PDT
2020-08-15 19:19:45.119470 (23090) main____ INFO    ----------------------------------------
2020-08-15 19:19:45.119474 (23090) main____ INFO    Runtime info:
2020-08-15 19:19:45.119479 (23090) main____ INFO      platform  : Linux 3.10.0-1127.13.1.el7.x86_64 x86_64
2020-08-15 19:19:45.119485 (23090) main____ INFO      hostname  : optmaS1
2020-08-15 19:19:45.119490 (23090) main____ INFO      pid       : 23090
2020-08-15 19:19:45.119494 (23090) main____ INFO      arguments : '-style' 'windows' 'run_formal_functional_reqs.tcl'
2020-08-15 19:19:45.119498 (23090) main____ INFO    ----------------------------------------
2020-08-15 19:19:45.119502 (23090) main____ INFO    System resource limits info:
2020-08-15 19:19:45.119506 (23090) main____ INFO      virtual memory: unlimited
2020-08-15 19:19:45.119511 (23090) main____ INFO      cpu time      : unlimited
2020-08-15 19:19:45.119525 (23090) main____ INFO      stack size    : 8388608 B
2020-08-15 19:19:45.119531 (23090) main____ INFO      core file size: 0 B
2020-08-15 19:19:45.119540 (23090) main____ INFO      open files    : 1024
2020-08-15 19:19:45.119545 (23090) main____ INFO      file size     : unlimited
2020-08-15 19:19:45.119549 (23090) main____ INFO    ----------------------------------------
2020-08-15 19:19:45.119553 (23090) main____ INFO    Memory statistics:
2020-08-15 19:19:45.119558 (23090) main____ INFO      total physical memory  : 16151344 kB
2020-08-15 19:19:45.119562 (23090) main____ INFO      free physical memory   : 2370056 kB
2020-08-15 19:19:45.119565 (23090) main____ INFO      committed address space: 37746284 kB
2020-08-15 19:19:45.119569 (23090) main____ INFO    ----------------------------------------
2020-08-15 19:19:45.119592 (23090) main____ INFO    Important environment variables:
2020-08-15 19:19:45.119601 (23090) main____ INFO      CDS_LIC_FILE   : '5280@150.164.33.32'
2020-08-15 19:19:45.119607 (23090) main____ INFO      DISPLAY        : ':51.0'
2020-08-15 19:19:45.119612 (23090) main____ INFO      LM_LICENSE_FILE: '5280@150.164.33.32'
2020-08-15 19:19:45.119616 (23090) main____ INFO    ----------------------------------------
2020-08-15 19:19:45.120033 (23090) lic_core INFO    Initializing license system ...
2020-08-15 19:19:45.170645 (23090) lic_core INFO    ... license system initialized.
2020-08-15 19:19:45.222013 (23090) lic__man INFO    Claim 'main' for <ui>.
2020-08-15 19:19:45.222049 (23090) lic_core INFO    (1) checking out 'jasper_interactive' ...
2020-08-15 19:19:45.489119 (23090) lic_core INFO    ... (1) checkout succeeded
2020-08-15 19:19:45.489187 (23090) lic__man INFO    Claim 'fpv' for <ui>.
2020-08-15 19:19:45.489210 (23090) lic_core INFO    (2) checking out 'jasper_fpv' ...
2020-08-15 19:19:45.494877 (23090) lic_core INFO    ... (2) checkout succeeded
2020-08-15 19:19:47.315707 (23090) lic__man INFO    Claim 'fpv' for <ui>.
2020-08-15 19:19:47.964108 (23090) lic__man INFO    Unclaim 'fpv' for <ui>.
2020-08-15 19:19:47.964140 (23090) lic__man INFO    Claim 'fpv' for <ui>.
2020-08-15 19:19:47.968415 (23090) session_ INFO    Starting analysis session with session id 'session_0' (launcher: <local>) ...
2020-08-15 19:19:47.969535 (23090) session_ INFO    Analysis session with session id 'session_0' started (pid: 23313)
2020-08-15 19:19:56.756158 (23090) session_ INFO    Analysis session 'session_0' connected to the console (host: 127.0.0.1:39550)
2020-08-15 19:19:58.059067 (23090) lic__man INFO    Unclaim everything for 'session_0'.
2020-08-15 19:19:58.167296 (23090) lic__man INFO    Unclaim everything for 'session_0'.
2020-08-15 19:19:58.245809 (23090) lic__man INFO    Unclaim everything for 'session_0'.
2020-08-15 19:19:58.299858 (23090) lic__man INFO    Unclaim everything for 'session_0'.
2020-08-15 19:20:24.989981 (23090) lic__man INFO    Unclaim everything for 'session_0'.
2020-08-15 19:20:25.168006 (23090) lic__man INFO    Claim 'fpv' for 'session_0/prove-0'.
2020-08-15 19:20:36.967491 (23090) lic__man INFO    Unclaim everything for 'session_0/prove-0'.
2020-08-15 19:20:37.000714 (23090) lic__man INFO    Claim 'fpv' for 'session_0/prove-1'.
2020-08-15 19:20:37.222595 (23090) lic__man INFO    Unclaim everything for 'session_0/prove-1'.
2020-08-15 19:20:37.272745 (23090) lic__man INFO    Claim 'fpv' for 'session_0/prove-2'.
2020-08-15 19:20:37.690527 (23090) lic__man INFO    Unclaim everything for 'session_0/prove-2'.
2020-08-15 19:20:37.773614 (23090) lic__man INFO    Claim 'fpv' for 'session_0/prove-3'.
2020-08-15 19:20:38.132393 (23090) lic__man INFO    Unclaim everything for 'session_0/prove-3'.
2020-08-15 19:20:38.161396 (23090) lic__man INFO    Claim 'fpv' for 'session_0/prove-4'.
2020-08-15 19:21:06.936528 (23090) lic__man INFO    Unclaim everything for 'session_0/prove-4'.
2020-08-15 19:21:06.958471 (23090) lic__man INFO    Claim 'fpv' for 'session_0/prove-5'.
2020-08-15 19:21:08.933732 (23090) lic__man INFO    Unclaim everything for 'session_0/prove-5'.
2020-08-15 19:21:08.934313 (23090) lic__man INFO    Claim 'fpv' for 'session_0/prove-6'.
2020-08-15 19:21:30.422491 (23090) lic__man INFO    Unclaim everything for 'session_0/prove-6'.
2020-08-15 19:21:30.423130 (23090) lic__man INFO    Claim 'fpv' for 'session_0/prove-7'.
2020-08-15 19:27:52.592571 (23090) lic__man INFO    Unclaim everything for 'session_0/prove-7'.
2020-08-15 19:29:03.785692 (23090) lic__man INFO    Claim 'fpv' for 'session_0/prove-8'.
2020-08-15 19:29:04.161867 (23090) lic__man INFO    Unclaim everything for 'session_0/prove-8'.
2020-08-15 19:29:21.304754 (23090) lic__man INFO    Claim 'fpv' for 'session_0/prove-9'.
2020-08-15 19:29:21.577595 (23090) lic__man INFO    Unclaim everything for 'session_0/prove-9'.
2020-08-15 19:29:28.986116 (23090) lic__man INFO    Claim 'fpv' for 'session_0'.
2020-08-15 19:30:19.705945 (23090) lic__man INFO    Claim 'fpv' for 'session_0/prove-10'.
2020-08-15 19:30:39.621782 (23090) lic__man INFO    Unclaim everything for 'session_0/prove-10'.
2020-08-15 19:31:55.687441 (23090) lic__man INFO    Claim 'fpv' for 'session_0/prove-11'.
2020-08-15 19:31:56.252116 (23090) lic__man INFO    Unclaim everything for 'session_0/prove-11'.
2020-08-15 19:32:30.595372 (23090) lic__man INFO    Claim 'fpv' for 'session_0/prove-12'.
2020-08-15 19:32:47.719130 (23090) lic__man INFO    Unclaim everything for 'session_0/prove-12'.
2020-08-15 19:33:16.792950 (23090) lic__man INFO    Claim 'fpv' for 'session_0/prove-13'.
2020-08-15 19:34:04.853597 (23090) lic__man INFO    Unclaim everything for 'session_0/prove-13'.
2020-08-15 19:42:11.465250 (23090) lic__man INFO    Entering idle state.
2020-08-15 20:16:20.805701 (23090) lic__man INFO    Leaving idle state.
2020-08-15 20:16:28.315676 (23090) lic__man INFO    Unclaim everything for 'session_0'.
2020-08-15 20:16:28.691954 (23090) lic__man INFO    Unclaim everything for 'session_0'.
2020-08-15 20:16:28.772865 (23090) lic__man INFO    Unclaim everything for 'session_0'.
2020-08-15 20:16:29.044132 (23090) lic__man INFO    Unclaim everything for 'session_0'.
2020-08-15 20:17:32.620311 (23090) lic__man INFO    Unclaim everything for 'session_0'.
2020-08-15 20:17:32.793176 (23090) lic__man INFO    Unclaim everything for 'session_0'.
2020-08-15 20:17:32.820937 (23090) lic__man INFO    Unclaim everything for 'session_0'.
2020-08-15 20:17:33.475379 (23090) lic__man INFO    Unclaim everything for 'session_0'.
2020-08-15 20:18:44.130492 (23090) lic__man INFO    Unclaim everything for 'session_0'.
2020-08-15 20:18:44.313378 (23090) lic__man INFO    Unclaim everything for 'session_0'.
2020-08-15 20:18:44.353184 (23090) lic__man INFO    Unclaim everything for 'session_0'.
2020-08-15 20:18:44.476356 (23090) lic__man INFO    Unclaim everything for 'session_0'.
2020-08-15 20:20:16.302162 (23090) lic__man INFO    Unclaim everything for 'session_0'.
2020-08-15 20:20:16.454808 (23090) lic__man INFO    Unclaim everything for 'session_0'.
2020-08-15 20:20:16.559707 (23090) lic__man INFO    Unclaim everything for 'session_0'.
2020-08-15 20:20:16.579347 (23090) lic__man INFO    Unclaim everything for 'session_0'.
2020-08-15 20:22:07.393973 (23090) lic__man INFO    Unclaim everything for 'session_0'.
2020-08-15 20:22:07.440726 (23090) lic__man INFO    Unclaim everything for 'session_0'.
2020-08-15 20:22:07.610492 (23090) lic__man INFO    Unclaim everything for 'session_0'.
2020-08-15 20:22:07.759114 (23090) lic__man INFO    Unclaim everything for 'session_0'.
2020-08-15 20:23:04.926061 (23090) lic__man INFO    Unclaim everything for 'session_0'.
2020-08-15 20:23:05.144932 (23090) lic__man INFO    Unclaim everything for 'session_0'.
2020-08-15 20:23:05.189218 (23090) lic__man INFO    Unclaim everything for 'session_0'.
2020-08-15 20:23:05.284079 (23090) lic__man INFO    Unclaim everything for 'session_0'.
2020-08-15 20:24:41.130341 (23090) lic__man INFO    Unclaim everything for 'session_0'.
2020-08-15 20:24:41.427491 (23090) lic__man INFO    Unclaim everything for 'session_0'.
2020-08-15 20:24:41.589012 (23090) lic__man INFO    Unclaim everything for 'session_0'.
2020-08-15 20:24:41.872114 (23090) lic__man INFO    Unclaim everything for 'session_0'.
2020-08-15 20:27:45.944420 (23090) lic__man INFO    Unclaim everything for 'session_0'.
2020-08-15 20:27:51.824350 (23090) lic__man INFO    Unclaim everything for 'session_0'.
2020-08-15 20:27:52.414445 (23090) lic__man INFO    Unclaim everything for 'session_0'.
2020-08-15 20:27:52.534228 (23090) lic__man INFO    Unclaim everything for 'session_0'.
2020-08-15 20:27:52.636580 (23090) lic__man INFO    Unclaim everything for 'session_0'.
2020-08-15 20:30:37.455917 (23090) lic__man INFO    Unclaim everything for 'session_0'.
2020-08-15 20:30:37.687324 (23090) lic__man INFO    Unclaim everything for 'session_0'.
2020-08-15 20:30:37.806394 (23090) lic__man INFO    Unclaim everything for 'session_0'.
2020-08-15 20:30:38.040900 (23090) lic__man INFO    Unclaim everything for 'session_0'.
2020-08-15 20:32:00.745052 (23090) lic__man INFO    Unclaim everything for 'session_0'.
2020-08-15 20:32:00.847099 (23090) lic__man INFO    Unclaim everything for 'session_0'.
2020-08-15 20:32:00.935453 (23090) lic__man INFO    Unclaim everything for 'session_0'.
2020-08-15 20:32:01.110284 (23090) lic__man INFO    Unclaim everything for 'session_0'.
2020-08-15 20:32:42.646189 (23090) lic__man INFO    Unclaim everything for 'session_0'.
2020-08-15 20:32:43.046951 (23090) lic__man INFO    Claim 'fpv' for 'session_0/prove-0'.
2020-08-15 20:32:45.397174 (23090) lic__man INFO    Unclaim everything for 'session_0/prove-0'.
2020-08-15 20:32:45.517205 (23090) lic__man INFO    Claim 'fpv' for 'session_0/prove-1'.
2020-08-15 20:32:46.137229 (23090) lic__man INFO    Unclaim everything for 'session_0/prove-1'.
2020-08-15 20:32:46.263111 (23090) lic__man INFO    Claim 'fpv' for 'session_0/prove-2'.
2020-08-15 20:32:47.540124 (23090) lic__man INFO    Unclaim everything for 'session_0/prove-2'.
2020-08-15 20:32:47.592493 (23090) lic__man INFO    Claim 'fpv' for 'session_0/prove-3'.
2020-08-15 20:32:48.552689 (23090) lic__man INFO    Unclaim everything for 'session_0/prove-3'.
2020-08-15 20:32:48.658219 (23090) lic__man INFO    Claim 'fpv' for 'session_0/prove-4'.
2020-08-15 20:33:03.190584 (23090) lic__man INFO    Unclaim everything for 'session_0/prove-4'.
2020-08-15 20:33:03.191848 (23090) lic__man INFO    Claim 'fpv' for 'session_0/prove-5'.
2020-08-15 20:33:03.915589 (23090) lic__man INFO    Unclaim everything for 'session_0/prove-5'.
2020-08-15 20:33:03.916450 (23090) lic__man INFO    Claim 'fpv' for 'session_0/prove-6'.
2020-08-15 20:33:04.251428 (23090) lic__man INFO    Unclaim everything for 'session_0/prove-6'.
2020-08-15 20:33:04.315735 (23090) lic__man INFO    Claim 'fpv' for 'session_0/prove-7'.
2020-08-15 20:33:04.648482 (23090) lic__man INFO    Unclaim everything for 'session_0/prove-7'.
2020-08-15 20:34:55.975044 (23090) lic__man INFO    Unclaim everything for 'session_0'.
2020-08-15 20:34:56.123735 (23090) lic__man INFO    Unclaim everything for 'session_0'.
2020-08-15 20:34:56.162756 (23090) lic__man INFO    Unclaim everything for 'session_0'.
2020-08-15 20:34:56.463028 (23090) lic__man INFO    Unclaim everything for 'session_0'.
2020-08-15 20:35:53.661158 (23090) lic__man INFO    Unclaim everything for 'session_0'.
2020-08-15 20:35:53.857972 (23090) lic__man INFO    Unclaim everything for 'session_0'.
2020-08-15 20:35:53.921544 (23090) lic__man INFO    Unclaim everything for 'session_0'.
2020-08-15 20:35:53.949726 (23090) lic__man INFO    Unclaim everything for 'session_0'.
2020-08-15 20:36:35.680494 (23090) lic__man INFO    Unclaim everything for 'session_0'.
2020-08-15 20:36:36.015800 (23090) lic__man INFO    Claim 'fpv' for 'session_0/prove-0'.
2020-08-15 20:36:38.117331 (23090) lic__man INFO    Unclaim everything for 'session_0/prove-0'.
2020-08-15 20:36:39.232947 (23090) lic__man INFO    Claim 'fpv' for 'session_0/prove-1'.
2020-08-15 20:36:40.003287 (23090) lic__man INFO    Unclaim everything for 'session_0/prove-1'.
2020-08-15 20:36:40.030638 (23090) lic__man INFO    Claim 'fpv' for 'session_0/prove-2'.
2020-08-15 20:36:41.173683 (23090) lic__man INFO    Unclaim everything for 'session_0/prove-2'.
2020-08-15 20:36:41.196021 (23090) lic__man INFO    Claim 'fpv' for 'session_0/prove-3'.
2020-08-15 20:36:41.912811 (23090) lic__man INFO    Unclaim everything for 'session_0/prove-3'.
2020-08-15 20:36:41.992949 (23090) lic__man INFO    Claim 'fpv' for 'session_0/prove-4'.
2020-08-15 20:36:49.777601 (23090) lic__man INFO    Unclaim everything for 'session_0/prove-4'.
2020-08-15 20:36:49.836741 (23090) lic__man INFO    Claim 'fpv' for 'session_0/prove-5'.
2020-08-15 20:38:36.536529 (23090) lic__man INFO    Unclaim everything for 'session_0/prove-5'.
2020-08-15 20:38:36.572124 (23090) lic__man INFO    Claim 'fpv' for 'session_0/prove-6'.
2020-08-15 20:38:37.042324 (23090) lic__man INFO    Unclaim everything for 'session_0/prove-6'.
2020-08-15 20:38:37.042966 (23090) lic__man INFO    Claim 'fpv' for 'session_0/prove-7'.
2020-08-15 20:38:39.454317 (23090) lic__man INFO    Unclaim everything for 'session_0/prove-7'.
2020-08-15 20:38:40.098468 (23090) lic__man INFO    Unclaim everything for 'session_0'.
2020-08-15 20:38:40.234826 (23090) lic__man INFO    Unclaim everything for 'session_0'.
2020-08-15 20:38:40.390204 (23090) lic__man INFO    Unclaim everything for 'session_0'.
2020-08-15 20:38:40.479624 (23090) lic__man INFO    Unclaim everything for 'session_0'.
2020-08-15 20:39:22.628286 (23090) lic__man INFO    Unclaim everything for 'session_0'.
2020-08-15 20:39:23.130697 (23090) lic__man INFO    Claim 'fpv' for 'session_0/prove-0'.
2020-08-15 20:39:25.556771 (23090) lic__man INFO    Unclaim everything for 'session_0/prove-0'.
2020-08-15 20:39:25.568144 (23090) lic__man INFO    Claim 'fpv' for 'session_0/prove-1'.
2020-08-15 20:39:26.876832 (23090) lic__man INFO    Unclaim everything for 'session_0/prove-1'.
2020-08-15 20:39:27.005404 (23090) lic__man INFO    Claim 'fpv' for 'session_0/prove-2'.
2020-08-15 20:39:28.439180 (23090) lic__man INFO    Unclaim everything for 'session_0/prove-2'.
2020-08-15 20:39:28.582316 (23090) lic__man INFO    Claim 'fpv' for 'session_0/prove-3'.
2020-08-15 20:39:29.075789 (23090) lic__man INFO    Unclaim everything for 'session_0/prove-3'.
2020-08-15 20:39:29.250562 (23090) lic__man INFO    Claim 'fpv' for 'session_0/prove-4'.
2020-08-15 20:39:29.745473 (23090) lic__man INFO    Unclaim everything for 'session_0/prove-4'.
2020-08-15 20:39:29.798088 (23090) lic__man INFO    Claim 'fpv' for 'session_0/prove-5'.
2020-08-15 20:39:30.389501 (23090) lic__man INFO    Unclaim everything for 'session_0/prove-5'.
2020-08-15 20:39:30.390278 (23090) lic__man INFO    Claim 'fpv' for 'session_0/prove-6'.
2020-08-15 20:39:30.844012 (23090) lic__man INFO    Unclaim everything for 'session_0/prove-6'.
2020-08-15 20:39:30.892550 (23090) lic__man INFO    Claim 'fpv' for 'session_0/prove-7'.
2020-08-15 20:39:31.343136 (23090) lic__man INFO    Unclaim everything for 'session_0/prove-7'.
2020-08-15 20:40:42.444934 (23090) lic__man INFO    Claim 'fpv' for 'session_0/prove-8'.
2020-08-15 20:40:43.276202 (23090) lic__man INFO    Unclaim everything for 'session_0/prove-8'.
2020-08-15 20:40:50.564207 (23090) lic__man INFO    Claim 'fpv' for 'session_0'.
2020-08-15 20:43:50.004123 (23090) lic__man INFO    Claim 'fpv' for 'session_0/prove-9'.
2020-08-15 20:43:50.994156 (23090) lic__man INFO    Unclaim everything for 'session_0/prove-9'.
2020-08-15 20:44:02.549495 (23090) lic__man INFO    Claim 'fpv' for 'session_0/prove-10'.
2020-08-15 20:44:03.670125 (23090) lic__man INFO    Unclaim everything for 'session_0/prove-10'.
2020-08-15 20:52:38.886727 (23090) lic__man INFO    Unclaim everything for 'session_0'.
2020-08-15 20:52:39.027457 (23090) lic__man INFO    Unclaim everything for 'session_0'.
2020-08-15 20:52:39.178177 (23090) lic__man INFO    Unclaim everything for 'session_0'.
2020-08-15 20:52:39.214597 (23090) lic__man INFO    Unclaim everything for 'session_0'.
2020-08-15 20:53:21.021330 (23090) lic__man INFO    Unclaim everything for 'session_0'.
2020-08-15 20:53:21.231275 (23090) lic__man INFO    Claim 'fpv' for 'session_0/prove-0'.
2020-08-15 20:53:23.899178 (23090) lic__man INFO    Unclaim everything for 'session_0/prove-0'.
2020-08-15 20:53:24.035266 (23090) lic__man INFO    Claim 'fpv' for 'session_0/prove-1'.
2020-08-15 20:53:24.520781 (23090) lic__man INFO    Unclaim everything for 'session_0/prove-1'.
2020-08-15 20:53:24.629896 (23090) lic__man INFO    Claim 'fpv' for 'session_0/prove-2'.
2020-08-15 20:53:25.466038 (23090) lic__man INFO    Unclaim everything for 'session_0/prove-2'.
2020-08-15 20:53:25.532916 (23090) lic__man INFO    Claim 'fpv' for 'session_0/prove-3'.
2020-08-15 20:53:26.319397 (23090) lic__man INFO    Unclaim everything for 'session_0/prove-3'.
2020-08-15 20:54:02.650714 (23090) lic__man INFO    Unclaim everything for 'session_0'.
2020-08-15 20:54:02.877878 (23090) lic__man INFO    Unclaim everything for 'session_0'.
2020-08-15 20:54:03.027809 (23090) lic__man INFO    Unclaim everything for 'session_0'.
2020-08-15 20:54:03.198520 (23090) lic__man INFO    Unclaim everything for 'session_0'.
2020-08-15 20:54:45.255492 (23090) lic__man INFO    Unclaim everything for 'session_0'.
2020-08-15 20:54:45.840394 (23090) lic__man INFO    Claim 'fpv' for 'session_0/prove-0'.
2020-08-15 20:54:48.405973 (23090) lic__man INFO    Unclaim everything for 'session_0/prove-0'.
2020-08-15 20:54:48.504596 (23090) lic__man INFO    Claim 'fpv' for 'session_0/prove-1'.
2020-08-15 20:54:49.062339 (23090) lic__man INFO    Unclaim everything for 'session_0/prove-1'.
2020-08-15 20:54:49.133530 (23090) lic__man INFO    Claim 'fpv' for 'session_0/prove-2'.
2020-08-15 20:54:50.539846 (23090) lic__man INFO    Unclaim everything for 'session_0/prove-2'.
2020-08-15 20:54:50.639440 (23090) lic__man INFO    Claim 'fpv' for 'session_0/prove-3'.
2020-08-15 20:54:51.329599 (23090) lic__man INFO    Unclaim everything for 'session_0/prove-3'.
2020-08-15 20:54:51.494915 (23090) lic__man INFO    Claim 'fpv' for 'session_0/prove-4'.
2020-08-15 20:55:01.651524 (23090) lic__man INFO    Unclaim everything for 'session_0/prove-4'.
2020-08-15 20:55:01.718543 (23090) lic__man INFO    Claim 'fpv' for 'session_0/prove-5'.
2020-08-15 20:55:02.012568 (23090) lic__man INFO    Unclaim everything for 'session_0/prove-5'.
2020-08-15 20:55:02.074235 (23090) lic__man INFO    Claim 'fpv' for 'session_0/prove-6'.
2020-08-15 20:55:02.595595 (23090) lic__man INFO    Unclaim everything for 'session_0/prove-6'.
2020-08-15 20:55:02.599148 (23090) lic__man INFO    Claim 'fpv' for 'session_0/prove-7'.
2020-08-15 20:55:02.890487 (23090) lic__man INFO    Unclaim everything for 'session_0/prove-7'.
2020-08-15 20:55:18.193632 (23090) lic__man INFO    Claim 'fpv' for 'session_0/prove-8'.
2020-08-15 20:55:18.638999 (23090) lic__man INFO    Unclaim everything for 'session_0/prove-8'.
2020-08-15 20:55:21.709221 (23090) lic__man INFO    Claim 'fpv' for 'session_0/prove-9'.
2020-08-15 20:55:22.709875 (23090) lic__man INFO    Unclaim everything for 'session_0/prove-9'.
2020-08-15 20:55:27.377031 (23090) lic__man INFO    Claim 'fpv' for 'session_0/prove-10'.
2020-08-15 20:55:28.322665 (23090) lic__man INFO    Unclaim everything for 'session_0/prove-10'.
2020-08-15 20:55:29.836619 (23090) lic__man INFO    Claim 'fpv' for 'session_0'.
2020-08-15 20:57:42.413766 (23090) lic__man INFO    Unclaim everything for 'session_0'.
2020-08-15 20:57:42.591348 (23090) lic__man INFO    Unclaim everything for 'session_0'.
2020-08-15 20:57:42.722945 (23090) lic__man INFO    Unclaim everything for 'session_0'.
2020-08-15 20:57:42.847370 (23090) lic__man INFO    Unclaim everything for 'session_0'.
2020-08-15 20:58:22.632484 (23090) lic__man INFO    Unclaim everything for 'session_0'.
2020-08-15 20:58:23.039622 (23090) lic__man INFO    Claim 'fpv' for 'session_0/prove-0'.
2020-08-15 20:58:25.221230 (23090) lic__man INFO    Unclaim everything for 'session_0/prove-0'.
2020-08-15 20:58:25.293633 (23090) lic__man INFO    Claim 'fpv' for 'session_0/prove-1'.
2020-08-15 20:58:25.968332 (23090) lic__man INFO    Unclaim everything for 'session_0/prove-1'.
2020-08-15 20:58:26.072713 (23090) lic__man INFO    Claim 'fpv' for 'session_0/prove-2'.
2020-08-15 20:58:27.399078 (23090) lic__man INFO    Unclaim everything for 'session_0/prove-2'.
2020-08-15 20:58:27.444797 (23090) lic__man INFO    Claim 'fpv' for 'session_0/prove-3'.
2020-08-15 20:58:28.204367 (23090) lic__man INFO    Unclaim everything for 'session_0/prove-3'.
2020-08-15 20:58:28.330632 (23090) lic__man INFO    Claim 'fpv' for 'session_0/prove-4'.
2020-08-15 20:58:33.222405 (23090) lic__man INFO    Unclaim everything for 'session_0/prove-4'.
2020-08-15 20:58:33.223194 (23090) lic__man INFO    Claim 'fpv' for 'session_0/prove-5'.
2020-08-15 20:58:33.583139 (23090) lic__man INFO    Unclaim everything for 'session_0/prove-5'.
2020-08-15 20:58:33.583835 (23090) lic__man INFO    Claim 'fpv' for 'session_0/prove-6'.
2020-08-15 20:58:35.503464 (23090) lic__man INFO    Unclaim everything for 'session_0/prove-6'.
2020-08-15 20:58:35.531539 (23090) lic__man INFO    Claim 'fpv' for 'session_0/prove-7'.
2020-08-15 20:58:36.553613 (23090) lic__man INFO    Unclaim everything for 'session_0/prove-7'.
2020-08-15 20:58:43.885971 (23090) lic__man INFO    Claim 'fpv' for 'session_0/prove-8'.
2020-08-15 20:59:00.932530 (23090) lic__man INFO    Unclaim everything for 'session_0/prove-8'.
2020-08-15 20:59:06.841816 (23090) lic__man INFO    Claim 'fpv' for 'session_0/prove-9'.
2020-08-15 20:59:25.879501 (23090) lic__man INFO    Unclaim everything for 'session_0/prove-9'.
2020-08-15 20:59:35.426113 (23090) lic__man INFO    Claim 'fpv' for 'session_0/prove-10'.
2020-08-15 21:00:17.772604 (23090) lic__man INFO    Unclaim everything for 'session_0/prove-10'.
2020-08-15 21:03:49.069936 (23090) lic__man INFO    Claim 'fpv' for 'session_0/prove-11'.
2020-08-15 21:03:49.734904 (23090) lic__man INFO    Unclaim everything for 'session_0/prove-11'.
2020-08-15 21:03:54.521447 (23090) lic__man INFO    Claim 'fpv' for 'session_0/prove-12'.
2020-08-15 21:04:05.263999 (23090) lic__man INFO    Unclaim everything for 'session_0/prove-12'.
2020-08-15 21:04:14.643205 (23090) lic__man INFO    Claim 'fpv' for 'session_0'.
2020-08-15 21:06:11.248711 (23090) lic__man INFO    Unclaim everything for 'session_0'.
2020-08-15 21:06:11.529467 (23090) lic__man INFO    Unclaim everything for 'session_0'.
2020-08-15 21:06:11.716862 (23090) lic__man INFO    Unclaim everything for 'session_0'.
2020-08-15 21:06:11.768511 (23090) lic__man INFO    Unclaim everything for 'session_0'.
2020-08-15 21:06:53.666501 (23090) lic__man INFO    Unclaim everything for 'session_0'.
2020-08-15 21:06:54.015262 (23090) lic__man INFO    Claim 'fpv' for 'session_0/prove-0'.
2020-08-15 21:06:57.484583 (23090) lic__man INFO    Unclaim everything for 'session_0/prove-0'.
2020-08-15 21:06:57.541107 (23090) lic__man INFO    Claim 'fpv' for 'session_0/prove-1'.
2020-08-15 21:06:58.163635 (23090) lic__man INFO    Unclaim everything for 'session_0/prove-1'.
2020-08-15 21:06:58.214873 (23090) lic__man INFO    Claim 'fpv' for 'session_0/prove-2'.
2020-08-15 21:06:59.417476 (23090) lic__man INFO    Unclaim everything for 'session_0/prove-2'.
2020-08-15 21:06:59.549837 (23090) lic__man INFO    Claim 'fpv' for 'session_0/prove-3'.
2020-08-15 21:07:00.534823 (23090) lic__man INFO    Unclaim everything for 'session_0/prove-3'.
2020-08-15 21:07:00.712418 (23090) lic__man INFO    Claim 'fpv' for 'session_0/prove-4'.
2020-08-15 21:07:02.241349 (23090) lic__man INFO    Unclaim everything for 'session_0/prove-4'.
2020-08-15 21:07:02.289904 (23090) lic__man INFO    Claim 'fpv' for 'session_0/prove-5'.
2020-08-15 21:07:03.377453 (23090) lic__man INFO    Unclaim everything for 'session_0/prove-5'.
2020-08-15 21:07:03.462242 (23090) lic__man INFO    Claim 'fpv' for 'session_0/prove-6'.
2020-08-15 21:07:04.510327 (23090) lic__man INFO    Unclaim everything for 'session_0/prove-6'.
2020-08-15 21:07:04.551369 (23090) lic__man INFO    Claim 'fpv' for 'session_0/prove-7'.
2020-08-15 21:07:06.289480 (23090) lic__man INFO    Unclaim everything for 'session_0/prove-7'.
2020-08-15 21:07:17.126249 (23090) lic__man INFO    Claim 'fpv' for 'session_0/prove-8'.
2020-08-15 21:07:17.619169 (23090) lic__man INFO    Unclaim everything for 'session_0/prove-8'.
2020-08-15 21:07:19.211763 (23090) lic__man INFO    Claim 'fpv' for 'session_0/prove-9'.
2020-08-15 21:07:52.625040 (23090) lic__man INFO    Unclaim everything for 'session_0/prove-9'.
2020-08-15 21:07:59.239227 (23090) lic__man INFO    Claim 'fpv' for 'session_0/prove-10'.
2020-08-15 22:04:59.930562 (23090) lic__man INFO    Claim 'advp' for 'session_0'.
2020-08-15 22:04:59.977626 (23090) lic_core INFO    (3) checking out 'jasper_advp' ...
2020-08-15 22:05:00.240103 (23090) lic_core INFO    ... (3) checkout failed (error: -18) ("FLEXnet ERROR(-18, 0, 0): License server system does not support this feature.")
2020-08-15 22:06:03.014865 (23090) lic__man INFO    Unclaim everything for 'session_0/prove-10'.
2020-08-15 22:06:42.521890 (23090) lic__man INFO    Claim 'fpv' for 'session_0/prove-11'.
2020-08-15 22:07:34.422244 (23090) lic__man INFO    Unclaim everything for 'session_0/prove-11'.
2020-08-15 22:08:07.567912 (23090) lic__man INFO    Claim 'fpv' for 'session_0/prove-12'.
2020-08-15 22:08:34.568205 (23090) lic__man INFO    Unclaim everything for 'session_0/prove-12'.
2020-08-15 22:08:50.163909 (23090) lic__man INFO    Claim 'fpv' for 'session_0/prove-13'.
2020-08-15 22:50:34.212289 (23090) lic__man INFO    Unclaim everything for 'session_0/prove-13'.
2020-08-15 22:58:34.201287 (23090) lic__man INFO    Entering idle state.
2020-08-15 23:18:22.886425 (23090) lic__man INFO    Leaving idle state.
2020-08-15 23:20:06.294120 (23090) lic__man INFO    Claim 'fpv' for 'session_0/prove-14'.
2020-08-15 23:20:07.618772 (23090) lic__man INFO    Unclaim everything for 'session_0/prove-14'.
2020-08-15 23:20:49.597931 (23090) lic__man INFO    Claim 'fpv' for 'session_0/prove-15'.
2020-08-15 23:28:47.646845 (23090) lic__man INFO    Unclaim everything for 'session_0/prove-15'.
2020-08-15 23:38:29.371249 (23090) lic__man INFO    Claim 'fpv' for 'session_0/prove-16'.
2020-08-15 23:38:59.386200 (23090) lic__man INFO    Unclaim everything for 'session_0/prove-16'.
2020-08-15 23:39:16.751886 (23090) lic__man INFO    Claim 'fpv' for 'session_0/prove-17'.
2020-08-15 23:50:35.976920 (23090) lic__man INFO    Unclaim everything for 'session_0/prove-17'.
2020-08-15 23:58:35.969941 (23090) lic__man INFO    Entering idle state.
2020-08-16 00:10:00.526525 (23090) lic__man INFO    Leaving idle state.
2020-08-16 00:10:04.758230 (23090) lic__man INFO    Claim 'fpv' for 'session_0/prove-18'.
2020-08-16 00:13:02.146820 (23090) lic__man INFO    Unclaim everything for 'session_0/prove-18'.
2020-08-16 00:13:54.564103 (23090) lic__man INFO    Claim 'fpv' for 'session_0/prove-19'.
2020-08-16 00:13:54.866903 (23090) lic__man INFO    Unclaim everything for 'session_0/prove-19'.
2020-08-16 00:14:05.798428 (23090) lic__man INFO    Claim 'fpv' for 'session_0'.
2020-08-16 00:15:19.179298 (23090) lic__man INFO    Claim 'fpv' for 'session_0/prove-20'.
2020-08-16 00:15:19.707465 (23090) lic__man INFO    Unclaim everything for 'session_0/prove-20'.
2020-08-16 00:16:23.770622 (23090) lic__man INFO    Claim 'fpv' for 'session_0/prove-21'.
2020-08-16 00:16:24.137674 (23090) lic__man INFO    Unclaim everything for 'session_0/prove-21'.
2020-08-16 00:18:12.546622 (23090) lic__man INFO    Claim 'fpv' for 'session_0/prove-22'.
2020-08-16 00:18:12.936026 (23090) lic__man INFO    Unclaim everything for 'session_0/prove-22'.
2020-08-16 00:18:40.785975 (23090) lic__man INFO    Claim 'fpv' for 'session_0/prove-23'.
2020-08-16 01:28:34.730984 (23090) lic__man INFO    Unclaim everything for 'session_0/prove-23'.
2020-08-16 01:36:34.730808 (23090) lic__man INFO    Entering idle state.
2020-08-16 07:45:41.871779 (23090) lic__man INFO    Leaving idle state.
2020-08-16 07:50:34.256355 (23090) lic__man INFO    Claim 'fpv' for 'session_0/prove-24'.
2020-08-16 07:54:22.463476 (23090) lic__man INFO    Unclaim everything for 'session_0/prove-24'.
2020-08-16 07:54:39.073876 (23090) lic__man INFO    Claim 'fpv' for 'session_0/prove-25'.
2020-08-16 07:54:39.530494 (23090) lic__man INFO    Unclaim everything for 'session_0/prove-25'.
2020-08-16 07:56:18.635668 (23090) lic__man INFO    Claim 'fpv' for 'session_0/prove-26'.
2020-08-16 07:56:18.920087 (23090) lic__man INFO    Unclaim everything for 'session_0/prove-26'.
2020-08-16 07:57:15.793267 (23090) lic__man INFO    Claim 'fpv' for 'session_0/prove-27'.
2020-08-16 07:57:16.019457 (23090) lic__man INFO    Unclaim everything for 'session_0/prove-27'.
2020-08-16 07:57:48.988412 (23090) lic__man INFO    Claim 'fpv' for 'session_0/prove-28'.
2020-08-16 08:01:19.931767 (23090) lic__man INFO    Unclaim everything for 'session_0/prove-28'.
2020-08-16 08:01:54.639185 (23090) lic__man INFO    Claim 'fpv' for 'session_0/prove-29'.
2020-08-16 08:06:21.523070 (23090) lic__man INFO    Unclaim everything for 'session_0/prove-29'.
2020-08-16 08:07:14.648252 (23090) lic__man INFO    Claim 'fpv' for 'session_0/prove-30'.
2020-08-16 08:07:15.070246 (23090) lic__man INFO    Unclaim everything for 'session_0/prove-30'.
2020-08-16 08:07:33.688075 (23090) lic__man INFO    Claim 'fpv' for 'session_0/prove-31'.
2020-08-16 08:07:33.965341 (23090) lic__man INFO    Unclaim everything for 'session_0/prove-31'.
2020-08-16 08:10:28.782294 (23090) lic__man INFO    Claim 'fpv' for 'session_0/prove-32'.
2020-08-16 08:10:29.004041 (23090) lic__man INFO    Unclaim everything for 'session_0/prove-32'.
2020-08-16 08:11:12.065216 (23090) lic__man INFO    Claim 'fpv' for 'session_0/prove-33'.
2020-08-16 08:11:12.302601 (23090) lic__man INFO    Unclaim everything for 'session_0/prove-33'.
2020-08-16 08:12:41.053448 (23090) lic__man INFO    Claim 'fpv' for 'session_0/prove-34'.
2020-08-16 08:12:59.347456 (23090) lic__man INFO    Unclaim everything for 'session_0/prove-34'.
2020-08-16 08:13:02.526045 (23090) lic__man INFO    Claim 'fpv' for 'session_0/prove-35'.
2020-08-16 08:13:02.690900 (23090) lic__man INFO    Unclaim everything for 'session_0/prove-35'.
2020-08-16 08:13:52.505871 (23090) lic__man INFO    Claim 'fpv' for 'session_0/prove-36'.
2020-08-16 08:13:52.666653 (23090) lic__man INFO    Unclaim everything for 'session_0/prove-36'.
2020-08-16 08:14:25.861020 (23090) lic__man INFO    Claim 'fpv' for 'session_0/prove-37'.
2020-08-16 08:14:26.032066 (23090) lic__man INFO    Unclaim everything for 'session_0/prove-37'.
2020-08-16 08:15:17.187431 (23090) lic__man INFO    Claim 'fpv' for 'session_0/prove-38'.
2020-08-16 08:15:17.415664 (23090) lic__man INFO    Unclaim everything for 'session_0/prove-38'.
2020-08-16 08:16:55.143262 (23090) lic__man INFO    Claim 'fpv' for 'session_0/prove-39'.
2020-08-16 08:16:55.280633 (23090) lic__man INFO    Unclaim everything for 'session_0/prove-39'.
2020-08-16 08:17:25.927020 (23090) lic__man INFO    Claim 'fpv' for 'session_0/prove-40'.
2020-08-16 08:17:26.087256 (23090) lic__man INFO    Unclaim everything for 'session_0/prove-40'.
2020-08-16 08:18:13.607692 (23090) lic__man INFO    Claim 'fpv' for 'session_0/prove-41'.
2020-08-16 08:18:13.827743 (23090) lic__man INFO    Unclaim everything for 'session_0/prove-41'.
2020-08-16 08:21:05.100531 (23090) lic__man INFO    Claim 'fpv' for 'session_0/prove-42'.
2020-08-16 08:21:21.311051 (23090) lic__man INFO    Unclaim everything for 'session_0/prove-42'.
2020-08-16 08:21:43.462290 (23090) lic__man INFO    Claim 'fpv' for 'session_0/prove-43'.
2020-08-16 08:21:43.933279 (23090) lic__man INFO    Unclaim everything for 'session_0/prove-43'.
2020-08-16 08:24:33.834948 (23090) lic__man INFO    Claim 'fpv' for 'session_0/prove-44'.
2020-08-16 08:25:10.038823 (23090) lic__man INFO    Unclaim everything for 'session_0/prove-44'.
2020-08-16 08:25:25.866263 (23090) lic__man INFO    Claim 'fpv' for 'session_0/prove-45'.
2020-08-16 09:05:17.385563 (23090) lic__man INFO    Unclaim everything for 'session_0/prove-45'.
2020-08-16 09:05:30.582299 (23090) lic__man INFO    Claim 'fpv' for 'session_0/prove-46'.
2020-08-16 09:08:50.998916 (23090) lic__man INFO    Unclaim everything for 'session_0/prove-46'.
2020-08-16 09:10:08.601828 (23090) lic__man INFO    Claim 'fpv' for 'session_0/prove-47'.
2020-08-16 09:10:08.711357 (23090) lic__man INFO    Unclaim everything for 'session_0/prove-47'.
2020-08-16 09:10:36.222257 (23090) lic__man INFO    Claim 'fpv' for 'session_0/prove-48'.
2020-08-16 09:10:36.357163 (23090) lic__man INFO    Unclaim everything for 'session_0/prove-48'.
2020-08-16 09:10:44.835923 (23090) lic__man INFO    Claim 'fpv' for 'session_0/prove-49'.
2020-08-16 09:10:44.940892 (23090) lic__man INFO    Unclaim everything for 'session_0/prove-49'.
2020-08-16 09:10:48.261249 (23090) lic__man INFO    Claim 'fpv' for 'session_0/prove-50'.
2020-08-16 09:10:48.377221 (23090) lic__man INFO    Unclaim everything for 'session_0/prove-50'.
2020-08-16 09:10:50.916435 (23090) lic__man INFO    Claim 'fpv' for 'session_0/prove-51'.
2020-08-16 09:10:50.985316 (23090) lic__man INFO    Unclaim everything for 'session_0/prove-51'.
2020-08-16 09:10:53.527889 (23090) lic__man INFO    Claim 'fpv' for 'session_0/prove-52'.
2020-08-16 09:10:53.624006 (23090) lic__man INFO    Unclaim everything for 'session_0/prove-52'.
2020-08-16 09:11:21.070843 (23090) lic__man INFO    Claim 'fpv' for 'session_0/prove-53'.
2020-08-16 09:11:21.281878 (23090) lic__man INFO    Unclaim everything for 'session_0/prove-53'.
2020-08-16 09:11:29.825963 (23090) lic__man INFO    Claim 'fpv' for 'session_0/prove-54'.
2020-08-16 09:13:06.275034 (23090) lic__man INFO    Unclaim everything for 'session_0/prove-54'.
2020-08-16 09:14:59.362796 (23090) lic__man INFO    Claim 'fpv' for 'session_0/prove-55'.
2020-08-16 09:15:41.607876 (23090) lic__man INFO    Claim 'fpv' for 'session_0/prove-56'.
2020-08-16 09:15:41.607948 (23090) lic_core INFO    (4) checking out 'jasper_fpv' ...
2020-08-16 09:15:41.663286 (23090) lic_core INFO    ... (4) checkout succeeded
2020-08-16 09:15:41.988088 (23090) lic__man INFO    Unclaim everything for 'session_0/prove-56'.
2020-08-16 09:30:41.988155 (23090) lic_core INFO    (4) checkin jasper_fpv
2020-08-16 09:55:07.444980 (23090) lic__man INFO    Unclaim everything for 'session_0/prove-55'.
2020-08-16 10:03:07.444864 (23090) lic__man INFO    Entering idle state.
2020-08-16 10:19:58.552404 (23090) lic__man INFO    Leaving idle state.
2020-08-16 10:31:07.423344 (23090) lic__man INFO    Entering idle state.
2020-08-16 10:34:05.028452 (23090) lic__man INFO    Leaving idle state.
2020-08-16 10:43:24.196838 (23090) lic__man INFO    Entering idle state.
